2013/11/11 10:45:09 [error] [exception.CHttpException.404] exception 'CHttpException' with message 'Невозможно обработать запрос "favicon.ico".' in /home/ahc03/dr-intellectus.ru/test/framework/web/CWebApplication.php:286
Stack trace:
#0 /home/ahc03/dr-intellectus.ru/test/framework/web/CWebApplication.php(141): CWebApplication->runController('favicon.ico')
#1 /home/ahc03/dr-intellectus.ru/test/framework/base/CApplication.php(180): CWebApplication->processRequest()
#2 /home/ahc03/dr-intellectus.ru/test/index.php(13): CApplication->run()
#3 {main}
REQUEST_URI=/favicon.ico
---
2013/11/11 10:45:39 [error] [exception.CHttpException.404] exception 'CHttpException' with message 'Невозможно обработать запрос "favicon.ico".' in /home/ahc03/dr-intellectus.ru/test/framework/web/CWebApplication.php:286
Stack trace:
#0 /home/ahc03/dr-intellectus.ru/test/framework/web/CWebApplication.php(141): CWebApplication->runController('favicon.ico')
#1 /home/ahc03/dr-intellectus.ru/test/framework/base/CApplication.php(180): CWebApplication->processRequest()
#2 /home/ahc03/dr-intellectus.ru/test/index.php(13): CApplication->run()
#3 {main}
REQUEST_URI=/favicon.ico
---
2013/11/11 10:46:34 [error] [exception.CHttpException.404] exception 'CHttpException' with message 'Невозможно обработать запрос "favicon.ico".' in /home/ahc03/dr-intellectus.ru/test/framework/web/CWebApplication.php:286
Stack trace:
#0 /home/ahc03/dr-intellectus.ru/test/framework/web/CWebApplication.php(141): CWebApplication->runController('favicon.ico')
#1 /home/ahc03/dr-intellectus.ru/test/framework/base/CApplication.php(180): CWebApplication->processRequest()
#2 /home/ahc03/dr-intellectus.ru/test/index.php(13): CApplication->run()
#3 {main}
REQUEST_URI=/favicon.ico
---
2013/11/11 10:47:05 [error] [exception.CHttpException.404] exception 'CHttpException' with message 'Невозможно обработать запрос "favicon.ico".' in /home/ahc03/dr-intellectus.ru/test/framework/web/CWebApplication.php:286
Stack trace:
#0 /home/ahc03/dr-intellectus.ru/test/framework/web/CWebApplication.php(141): CWebApplication->runController('favicon.ico')
#1 /home/ahc03/dr-intellectus.ru/test/framework/base/CApplication.php(180): CWebApplication->processRequest()
#2 /home/ahc03/dr-intellectus.ru/test/index.php(13): CApplication->run()
#3 {main}
REQUEST_URI=/favicon.ico
---
2013/11/11 10:47:44 [error] [exception.CHttpException.404] exception 'CHttpException' with message 'Невозможно обработать запрос "favicon.ico".' in /home/ahc03/dr-intellectus.ru/test/framework/web/CWebApplication.php:286
Stack trace:
#0 /home/ahc03/dr-intellectus.ru/test/framework/web/CWebApplication.php(141): CWebApplication->runController('favicon.ico')
#1 /home/ahc03/dr-intellectus.ru/test/framework/base/CApplication.php(180): CWebApplication->processRequest()
#2 /home/ahc03/dr-intellectus.ru/test/index.php(13): CApplication->run()
#3 {main}
REQUEST_URI=/favicon.ico
---
2013/11/11 10:55:25 [error] [exception.CHttpException.404] exception 'CHttpException' with message 'Невозможно обработать запрос "favicon.ico".' in /home/ahc03/dr-intellectus.ru/test/framework/web/CWebApplication.php:286
Stack trace:
#0 /home/ahc03/dr-intellectus.ru/test/framework/web/CWebApplication.php(141): CWebApplication->runController('favicon.ico')
#1 /home/ahc03/dr-intellectus.ru/test/framework/base/CApplication.php(180): CWebApplication->processRequest()
#2 /home/ahc03/dr-intellectus.ru/test/index.php(13): CApplication->run()
#3 {main}
REQUEST_URI=/favicon.ico
---
2013/11/11 10:55:27 [error] [exception.CHttpException.404] exception 'CHttpException' with message 'Невозможно обработать запрос "favicon.ico".' in /home/ahc03/dr-intellectus.ru/test/framework/web/CWebApplication.php:286
Stack trace:
#0 /home/ahc03/dr-intellectus.ru/test/framework/web/CWebApplication.php(141): CWebApplication->runController('favicon.ico')
#1 /home/ahc03/dr-intellectus.ru/test/framework/base/CApplication.php(180): CWebApplication->processRequest()
#2 /home/ahc03/dr-intellectus.ru/test/index.php(13): CApplication->run()
#3 {main}
REQUEST_URI=/favicon.ico
---
2013/11/11 10:55:34 [error] [exception.CHttpException.404] exception 'CHttpException' with message 'Невозможно обработать запрос "favicon.ico".' in /home/ahc03/dr-intellectus.ru/test/framework/web/CWebApplication.php:286
Stack trace:
#0 /home/ahc03/dr-intellectus.ru/test/framework/web/CWebApplication.php(141): CWebApplication->runController('favicon.ico')
#1 /home/ahc03/dr-intellectus.ru/test/framework/base/CApplication.php(180): CWebApplication->processRequest()
#2 /home/ahc03/dr-intellectus.ru/test/index.php(13): CApplication->run()
#3 {main}
REQUEST_URI=/favicon.ico
---
2013/11/11 10:58:18 [error] [exception.CHttpException.404] exception 'CHttpException' with message 'Невозможно обработать запрос "favicon.ico".' in /home/ahc03/dr-intellectus.ru/test/framework/web/CWebApplication.php:286
Stack trace:
#0 /home/ahc03/dr-intellectus.ru/test/framework/web/CWebApplication.php(141): CWebApplication->runController('favicon.ico')
#1 /home/ahc03/dr-intellectus.ru/test/framework/base/CApplication.php(180): CWebApplication->processRequest()
#2 /home/ahc03/dr-intellectus.ru/test/index.php(13): CApplication->run()
#3 {main}
REQUEST_URI=/favicon.ico
---
2013/11/11 11:03:02 [error] [exception.CHttpException.404] exception 'CHttpException' with message 'Невозможно обработать запрос "favicon.ico".' in /home/ahc03/dr-intellectus.ru/test/framework/web/CWebApplication.php:286
Stack trace:
#0 /home/ahc03/dr-intellectus.ru/test/framework/web/CWebApplication.php(141): CWebApplication->runController('favicon.ico')
#1 /home/ahc03/dr-intellectus.ru/test/framework/base/CApplication.php(180): CWebApplication->processRequest()
#2 /home/ahc03/dr-intellectus.ru/test/index.php(13): CApplication->run()
#3 {main}
REQUEST_URI=/favicon.ico
---
2013/11/11 11:03:10 [error] [exception.CHttpException.404] exception 'CHttpException' with message 'Невозможно обработать запрос "favicon.ico".' in /home/ahc03/dr-intellectus.ru/test/framework/web/CWebApplication.php:286
Stack trace:
#0 /home/ahc03/dr-intellectus.ru/test/framework/web/CWebApplication.php(141): CWebApplication->runController('favicon.ico')
#1 /home/ahc03/dr-intellectus.ru/test/framework/base/CApplication.php(180): CWebApplication->processRequest()
#2 /home/ahc03/dr-intellectus.ru/test/index.php(13): CApplication->run()
#3 {main}
REQUEST_URI=/favicon.ico
---
2013/11/11 11:05:20 [error] [exception.CHttpException.404] exception 'CHttpException' with message 'Невозможно обработать запрос "favicon.ico".' in /home/ahc03/dr-intellectus.ru/test/framework/web/CWebApplication.php:286
Stack trace:
#0 /home/ahc03/dr-intellectus.ru/test/framework/web/CWebApplication.php(141): CWebApplication->runController('favicon.ico')
#1 /home/ahc03/dr-intellectus.ru/test/framework/base/CApplication.php(180): CWebApplication->processRequest()
#2 /home/ahc03/dr-intellectus.ru/test/index.php(13): CApplication->run()
#3 {main}
REQUEST_URI=/favicon.ico
---
2013/11/11 11:19:55 [error] [exception.CHttpException.404] exception 'CHttpException' with message 'Невозможно обработать запрос "favicon.ico".' in /home/ahc03/dr-intellectus.ru/test/framework/web/CWebApplication.php:286
Stack trace:
#0 /home/ahc03/dr-intellectus.ru/test/framework/web/CWebApplication.php(141): CWebApplication->runController('favicon.ico')
#1 /home/ahc03/dr-intellectus.ru/test/framework/base/CApplication.php(180): CWebApplication->processRequest()
#2 /home/ahc03/dr-intellectus.ru/test/index.php(13): CApplication->run()
#3 {main}
REQUEST_URI=/favicon.ico
---
2013/11/11 11:19:58 [error] [exception.CHttpException.404] exception 'CHttpException' with message 'Невозможно обработать запрос "favicon.ico".' in /home/ahc03/dr-intellectus.ru/test/framework/web/CWebApplication.php:286
Stack trace:
#0 /home/ahc03/dr-intellectus.ru/test/framework/web/CWebApplication.php(141): CWebApplication->runController('favicon.ico')
#1 /home/ahc03/dr-intellectus.ru/test/framework/base/CApplication.php(180): CWebApplication->processRequest()
#2 /home/ahc03/dr-intellectus.ru/test/index.php(13): CApplication->run()
#3 {main}
REQUEST_URI=/favicon.ico
---
2013/11/11 11:20:00 [error] [exception.CHttpException.404] exception 'CHttpException' with message 'Невозможно обработать запрос "favicon.ico".' in /home/ahc03/dr-intellectus.ru/test/framework/web/CWebApplication.php:286
Stack trace:
#0 /home/ahc03/dr-intellectus.ru/test/framework/web/CWebApplication.php(141): CWebApplication->runController('favicon.ico')
#1 /home/ahc03/dr-intellectus.ru/test/framework/base/CApplication.php(180): CWebApplication->processRequest()
#2 /home/ahc03/dr-intellectus.ru/test/index.php(13): CApplication->run()
#3 {main}
REQUEST_URI=/favicon.ico
---
2013/11/11 11:20:03 [error] [exception.CHttpException.404] exception 'CHttpException' with message 'Невозможно обработать запрос "favicon.ico".' in /home/ahc03/dr-intellectus.ru/test/framework/web/CWebApplication.php:286
Stack trace:
#0 /home/ahc03/dr-intellectus.ru/test/framework/web/CWebApplication.php(141): CWebApplication->runController('favicon.ico')
#1 /home/ahc03/dr-intellectus.ru/test/framework/base/CApplication.php(180): CWebApplication->processRequest()
#2 /home/ahc03/dr-intellectus.ru/test/index.php(13): CApplication->run()
#3 {main}
REQUEST_URI=/favicon.ico
---
2013/11/11 11:20:08 [error] [exception.CHttpException.404] exception 'CHttpException' with message 'Невозможно обработать запрос "favicon.ico".' in /home/ahc03/dr-intellectus.ru/test/framework/web/CWebApplication.php:286
Stack trace:
#0 /home/ahc03/dr-intellectus.ru/test/framework/web/CWebApplication.php(141): CWebApplication->runController('favicon.ico')
#1 /home/ahc03/dr-intellectus.ru/test/framework/base/CApplication.php(180): CWebApplication->processRequest()
#2 /home/ahc03/dr-intellectus.ru/test/index.php(13): CApplication->run()
#3 {main}
REQUEST_URI=/favicon.ico
---
2013/11/11 11:20:14 [error] [exception.CHttpException.404] exception 'CHttpException' with message 'Невозможно обработать запрос "favicon.ico".' in /home/ahc03/dr-intellectus.ru/test/framework/web/CWebApplication.php:286
Stack trace:
#0 /home/ahc03/dr-intellectus.ru/test/framework/web/CWebApplication.php(141): CWebApplication->runController('favicon.ico')
#1 /home/ahc03/dr-intellectus.ru/test/framework/base/CApplication.php(180): CWebApplication->processRequest()
#2 /home/ahc03/dr-intellectus.ru/test/index.php(13): CApplication->run()
#3 {main}
REQUEST_URI=/favicon.ico
---
2013/11/11 11:21:22 [error] [exception.CHttpException.404] exception 'CHttpException' with message 'Невозможно обработать запрос "favicon.ico".' in /home/ahc03/dr-intellectus.ru/test/framework/web/CWebApplication.php:286
Stack trace:
#0 /home/ahc03/dr-intellectus.ru/test/framework/web/CWebApplication.php(141): CWebApplication->runController('favicon.ico')
#1 /home/ahc03/dr-intellectus.ru/test/framework/base/CApplication.php(180): CWebApplication->processRequest()
#2 /home/ahc03/dr-intellectus.ru/test/index.php(13): CApplication->run()
#3 {main}
REQUEST_URI=/favicon.ico
---
2013/11/11 11:22:28 [error] [exception.CHttpException.404] exception 'CHttpException' with message 'Невозможно обработать запрос "favicon.ico".' in /home/ahc03/dr-intellectus.ru/test/framework/web/CWebApplication.php:286
Stack trace:
#0 /home/ahc03/dr-intellectus.ru/test/framework/web/CWebApplication.php(141): CWebApplication->runController('favicon.ico')
#1 /home/ahc03/dr-intellectus.ru/test/framework/base/CApplication.php(180): CWebApplication->processRequest()
#2 /home/ahc03/dr-intellectus.ru/test/index.php(13): CApplication->run()
#3 {main}
REQUEST_URI=/favicon.ico
---
2013/11/11 11:23:02 [error] [exception.CHttpException.404] exception 'CHttpException' with message 'Невозможно обработать запрос "favicon.ico".' in /home/ahc03/dr-intellectus.ru/test/framework/web/CWebApplication.php:286
Stack trace:
#0 /home/ahc03/dr-intellectus.ru/test/framework/web/CWebApplication.php(141): CWebApplication->runController('favicon.ico')
#1 /home/ahc03/dr-intellectus.ru/test/framework/base/CApplication.php(180): CWebApplication->processRequest()
#2 /home/ahc03/dr-intellectus.ru/test/index.php(13): CApplication->run()
#3 {main}
REQUEST_URI=/favicon.ico
---
2013/11/11 11:23:45 [error] [exception.CHttpException.404] exception 'CHttpException' with message 'Невозможно обработать запрос "favicon.ico".' in /home/ahc03/dr-intellectus.ru/test/framework/web/CWebApplication.php:286
Stack trace:
#0 /home/ahc03/dr-intellectus.ru/test/framework/web/CWebApplication.php(141): CWebApplication->runController('favicon.ico')
#1 /home/ahc03/dr-intellectus.ru/test/framework/base/CApplication.php(180): CWebApplication->processRequest()
#2 /home/ahc03/dr-intellectus.ru/test/index.php(13): CApplication->run()
#3 {main}
REQUEST_URI=/favicon.ico
---
2013/11/11 11:25:37 [error] [exception.CHttpException.404] exception 'CHttpException' with message 'Невозможно обработать запрос "favicon.ico".' in /home/ahc03/dr-intellectus.ru/test/framework/web/CWebApplication.php:286
Stack trace:
#0 /home/ahc03/dr-intellectus.ru/test/framework/web/CWebApplication.php(141): CWebApplication->runController('favicon.ico')
#1 /home/ahc03/dr-intellectus.ru/test/framework/base/CApplication.php(180): CWebApplication->processRequest()
#2 /home/ahc03/dr-intellectus.ru/test/index.php(13): CApplication->run()
#3 {main}
REQUEST_URI=/favicon.ico
---
2013/11/11 11:26:22 [error] [exception.CHttpException.404] exception 'CHttpException' with message 'Невозможно обработать запрос "favicon.ico".' in /home/ahc03/dr-intellectus.ru/test/framework/web/CWebApplication.php:286
Stack trace:
#0 /home/ahc03/dr-intellectus.ru/test/framework/web/CWebApplication.php(141): CWebApplication->runController('favicon.ico')
#1 /home/ahc03/dr-intellectus.ru/test/framework/base/CApplication.php(180): CWebApplication->processRequest()
#2 /home/ahc03/dr-intellectus.ru/test/index.php(13): CApplication->run()
#3 {main}
REQUEST_URI=/favicon.ico
---
2013/11/11 11:27:25 [error] [exception.CHttpException.404] exception 'CHttpException' with message 'Невозможно обработать запрос "favicon.ico".' in /home/ahc03/dr-intellectus.ru/test/framework/web/CWebApplication.php:286
Stack trace:
#0 /home/ahc03/dr-intellectus.ru/test/framework/web/CWebApplication.php(141): CWebApplication->runController('favicon.ico')
#1 /home/ahc03/dr-intellectus.ru/test/framework/base/CApplication.php(180): CWebApplication->processRequest()
#2 /home/ahc03/dr-intellectus.ru/test/index.php(13): CApplication->run()
#3 {main}
REQUEST_URI=/favicon.ico
---
2013/11/11 11:28:56 [error] [exception.CHttpException.404] exception 'CHttpException' with message 'Невозможно обработать запрос "favicon.ico".' in /home/ahc03/dr-intellectus.ru/test/framework/web/CWebApplication.php:286
Stack trace:
#0 /home/ahc03/dr-intellectus.ru/test/framework/web/CWebApplication.php(141): CWebApplication->runController('favicon.ico')
#1 /home/ahc03/dr-intellectus.ru/test/framework/base/CApplication.php(180): CWebApplication->processRequest()
#2 /home/ahc03/dr-intellectus.ru/test/index.php(13): CApplication->run()
#3 {main}
REQUEST_URI=/favicon.ico
---
2013/11/11 11:32:10 [error] [exception.CHttpException.404] exception 'CHttpException' with message 'Невозможно обработать запрос "favicon.ico".' in /home/ahc03/dr-intellectus.ru/test/framework/web/CWebApplication.php:286
Stack trace:
#0 /home/ahc03/dr-intellectus.ru/test/framework/web/CWebApplication.php(141): CWebApplication->runController('favicon.ico')
#1 /home/ahc03/dr-intellectus.ru/test/framework/base/CApplication.php(180): CWebApplication->processRequest()
#2 /home/ahc03/dr-intellectus.ru/test/index.php(13): CApplication->run()
#3 {main}
REQUEST_URI=/favicon.ico
---
2013/11/11 11:32:48 [error] [exception.CHttpException.404] exception 'CHttpException' with message 'Невозможно обработать запрос "favicon.ico".' in /home/ahc03/dr-intellectus.ru/test/framework/web/CWebApplication.php:286
Stack trace:
#0 /home/ahc03/dr-intellectus.ru/test/framework/web/CWebApplication.php(141): CWebApplication->runController('favicon.ico')
#1 /home/ahc03/dr-intellectus.ru/test/framework/base/CApplication.php(180): CWebApplication->processRequest()
#2 /home/ahc03/dr-intellectus.ru/test/index.php(13): CApplication->run()
#3 {main}
REQUEST_URI=/favicon.ico
---
2013/11/11 11:33:15 [error] [exception.CHttpException.404] exception 'CHttpException' with message 'Невозможно обработать запрос "favicon.ico".' in /home/ahc03/dr-intellectus.ru/test/framework/web/CWebApplication.php:286
Stack trace:
#0 /home/ahc03/dr-intellectus.ru/test/framework/web/CWebApplication.php(141): CWebApplication->runController('favicon.ico')
#1 /home/ahc03/dr-intellectus.ru/test/framework/base/CApplication.php(180): CWebApplication->processRequest()
#2 /home/ahc03/dr-intellectus.ru/test/index.php(13): CApplication->run()
#3 {main}
REQUEST_URI=/favicon.ico
---
2013/11/11 11:33:33 [error] [exception.CHttpException.404] exception 'CHttpException' with message 'Невозможно обработать запрос "favicon.ico".' in /home/ahc03/dr-intellectus.ru/test/framework/web/CWebApplication.php:286
Stack trace:
#0 /home/ahc03/dr-intellectus.ru/test/framework/web/CWebApplication.php(141): CWebApplication->runController('favicon.ico')
#1 /home/ahc03/dr-intellectus.ru/test/framework/base/CApplication.php(180): CWebApplication->processRequest()
#2 /home/ahc03/dr-intellectus.ru/test/index.php(13): CApplication->run()
#3 {main}
REQUEST_URI=/favicon.ico
---
2013/11/11 11:33:39 [error] [exception.CHttpException.404] exception 'CHttpException' with message 'Невозможно обработать запрос "favicon.ico".' in /home/ahc03/dr-intellectus.ru/test/framework/web/CWebApplication.php:286
Stack trace:
#0 /home/ahc03/dr-intellectus.ru/test/framework/web/CWebApplication.php(141): CWebApplication->runController('favicon.ico')
#1 /home/ahc03/dr-intellectus.ru/test/framework/base/CApplication.php(180): CWebApplication->processRequest()
#2 /home/ahc03/dr-intellectus.ru/test/index.php(13): CApplication->run()
#3 {main}
REQUEST_URI=/favicon.ico
---
2013/11/11 11:35:09 [error] [exception.CHttpException.404] exception 'CHttpException' with message 'Невозможно обработать запрос "favicon.ico".' in /home/ahc03/dr-intellectus.ru/test/framework/web/CWebApplication.php:286
Stack trace:
#0 /home/ahc03/dr-intellectus.ru/test/framework/web/CWebApplication.php(141): CWebApplication->runController('favicon.ico')
#1 /home/ahc03/dr-intellectus.ru/test/framework/base/CApplication.php(180): CWebApplication->processRequest()
#2 /home/ahc03/dr-intellectus.ru/test/index.php(13): CApplication->run()
#3 {main}
REQUEST_URI=/favicon.ico
---
2013/11/11 11:35:30 [error] [exception.CHttpException.404] exception 'CHttpException' with message 'Невозможно обработать запрос "favicon.ico".' in /home/ahc03/dr-intellectus.ru/test/framework/web/CWebApplication.php:286
Stack trace:
#0 /home/ahc03/dr-intellectus.ru/test/framework/web/CWebApplication.php(141): CWebApplication->runController('favicon.ico')
#1 /home/ahc03/dr-intellectus.ru/test/framework/base/CApplication.php(180): CWebApplication->processRequest()
#2 /home/ahc03/dr-intellectus.ru/test/index.php(13): CApplication->run()
#3 {main}
REQUEST_URI=/favicon.ico
---
2013/11/11 11:37:06 [error] [exception.CHttpException.404] exception 'CHttpException' with message 'Невозможно обработать запрос "favicon.ico".' in /home/ahc03/dr-intellectus.ru/test/framework/web/CWebApplication.php:286
Stack trace:
#0 /home/ahc03/dr-intellectus.ru/test/framework/web/CWebApplication.php(141): CWebApplication->runController('favicon.ico')
#1 /home/ahc03/dr-intellectus.ru/test/framework/base/CApplication.php(180): CWebApplication->processRequest()
#2 /home/ahc03/dr-intellectus.ru/test/index.php(13): CApplication->run()
#3 {main}
REQUEST_URI=/favicon.ico
---
2013/11/11 11:37:49 [error] [exception.CHttpException.404] exception 'CHttpException' with message 'Невозможно обработать запрос "favicon.ico".' in /home/ahc03/dr-intellectus.ru/test/framework/web/CWebApplication.php:286
Stack trace:
#0 /home/ahc03/dr-intellectus.ru/test/framework/web/CWebApplication.php(141): CWebApplication->runController('favicon.ico')
#1 /home/ahc03/dr-intellectus.ru/test/framework/base/CApplication.php(180): CWebApplication->processRequest()
#2 /home/ahc03/dr-intellectus.ru/test/index.php(13): CApplication->run()
#3 {main}
REQUEST_URI=/favicon.ico
---
2013/11/11 11:37:53 [error] [exception.CHttpException.404] exception 'CHttpException' with message 'Невозможно обработать запрос "favicon.ico".' in /home/ahc03/dr-intellectus.ru/test/framework/web/CWebApplication.php:286
Stack trace:
#0 /home/ahc03/dr-intellectus.ru/test/framework/web/CWebApplication.php(141): CWebApplication->runController('favicon.ico')
#1 /home/ahc03/dr-intellectus.ru/test/framework/base/CApplication.php(180): CWebApplication->processRequest()
#2 /home/ahc03/dr-intellectus.ru/test/index.php(13): CApplication->run()
#3 {main}
REQUEST_URI=/favicon.ico
---
2013/11/11 11:37:55 [error] [exception.CHttpException.404] exception 'CHttpException' with message 'Невозможно обработать запрос "favicon.ico".' in /home/ahc03/dr-intellectus.ru/test/framework/web/CWebApplication.php:286
Stack trace:
#0 /home/ahc03/dr-intellectus.ru/test/framework/web/CWebApplication.php(141): CWebApplication->runController('favicon.ico')
#1 /home/ahc03/dr-intellectus.ru/test/framework/base/CApplication.php(180): CWebApplication->processRequest()
#2 /home/ahc03/dr-intellectus.ru/test/index.php(13): CApplication->run()
#3 {main}
REQUEST_URI=/favicon.ico
---
2013/11/11 11:39:45 [error] [exception.CHttpException.404] exception 'CHttpException' with message 'Невозможно обработать запрос "favicon.ico".' in /home/ahc03/dr-intellectus.ru/test/framework/web/CWebApplication.php:286
Stack trace:
#0 /home/ahc03/dr-intellectus.ru/test/framework/web/CWebApplication.php(141): CWebApplication->runController('favicon.ico')
#1 /home/ahc03/dr-intellectus.ru/test/framework/base/CApplication.php(180): CWebApplication->processRequest()
#2 /home/ahc03/dr-intellectus.ru/test/index.php(13): CApplication->run()
#3 {main}
REQUEST_URI=/favicon.ico
---
2013/11/11 11:40:59 [error] [exception.CHttpException.404] exception 'CHttpException' with message 'Невозможно обработать запрос "favicon.ico".' in /home/ahc03/dr-intellectus.ru/test/framework/web/CWebApplication.php:286
Stack trace:
#0 /home/ahc03/dr-intellectus.ru/test/framework/web/CWebApplication.php(141): CWebApplication->runController('favicon.ico')
#1 /home/ahc03/dr-intellectus.ru/test/framework/base/CApplication.php(180): CWebApplication->processRequest()
#2 /home/ahc03/dr-intellectus.ru/test/index.php(13): CApplication->run()
#3 {main}
REQUEST_URI=/favicon.ico
---
2013/11/11 11:46:40 [error] [exception.CHttpException.404] exception 'CHttpException' with message 'Невозможно обработать запрос "favicon.ico".' in /home/ahc03/dr-intellectus.ru/test/framework/web/CWebApplication.php:286
Stack trace:
#0 /home/ahc03/dr-intellectus.ru/test/framework/web/CWebApplication.php(141): CWebApplication->runController('favicon.ico')
#1 /home/ahc03/dr-intellectus.ru/test/framework/base/CApplication.php(180): CWebApplication->processRequest()
#2 /home/ahc03/dr-intellectus.ru/test/index.php(13): CApplication->run()
#3 {main}
REQUEST_URI=/favicon.ico
---
2013/11/11 11:46:54 [error] [exception.CHttpException.404] exception 'CHttpException' with message 'Невозможно обработать запрос "favicon.ico".' in /home/ahc03/dr-intellectus.ru/test/framework/web/CWebApplication.php:286
Stack trace:
#0 /home/ahc03/dr-intellectus.ru/test/framework/web/CWebApplication.php(141): CWebApplication->runController('favicon.ico')
#1 /home/ahc03/dr-intellectus.ru/test/framework/base/CApplication.php(180): CWebApplication->processRequest()
#2 /home/ahc03/dr-intellectus.ru/test/index.php(13): CApplication->run()
#3 {main}
REQUEST_URI=/favicon.ico
---
2013/11/11 11:51:55 [error] [exception.CHttpException.404] exception 'CHttpException' with message 'Невозможно обработать запрос "favicon.ico".' in /home/ahc03/dr-intellectus.ru/test/framework/web/CWebApplication.php:286
Stack trace:
#0 /home/ahc03/dr-intellectus.ru/test/framework/web/CWebApplication.php(141): CWebApplication->runController('favicon.ico')
#1 /home/ahc03/dr-intellectus.ru/test/framework/base/CApplication.php(180): CWebApplication->processRequest()
#2 /home/ahc03/dr-intellectus.ru/test/index.php(13): CApplication->run()
#3 {main}
REQUEST_URI=/favicon.ico
---
2013/11/11 11:53:29 [error] [exception.CHttpException.404] exception 'CHttpException' with message 'Невозможно обработать запрос "favicon.ico".' in /home/ahc03/dr-intellectus.ru/test/framework/web/CWebApplication.php:286
Stack trace:
#0 /home/ahc03/dr-intellectus.ru/test/framework/web/CWebApplication.php(141): CWebApplication->runController('favicon.ico')
#1 /home/ahc03/dr-intellectus.ru/test/framework/base/CApplication.php(180): CWebApplication->processRequest()
#2 /home/ahc03/dr-intellectus.ru/test/index.php(13): CApplication->run()
#3 {main}
REQUEST_URI=/favicon.ico
---
2013/11/11 11:53:33 [error] [exception.CHttpException.404] exception 'CHttpException' with message 'Невозможно обработать запрос "favicon.ico".' in /home/ahc03/dr-intellectus.ru/test/framework/web/CWebApplication.php:286
Stack trace:
#0 /home/ahc03/dr-intellectus.ru/test/framework/web/CWebApplication.php(141): CWebApplication->runController('favicon.ico')
#1 /home/ahc03/dr-intellectus.ru/test/framework/base/CApplication.php(180): CWebApplication->processRequest()
#2 /home/ahc03/dr-intellectus.ru/test/index.php(13): CApplication->run()
#3 {main}
REQUEST_URI=/favicon.ico
---
2013/11/11 11:53:59 [error] [exception.CHttpException.404] exception 'CHttpException' with message 'Невозможно обработать запрос "favicon.ico".' in /home/ahc03/dr-intellectus.ru/test/framework/web/CWebApplication.php:286
Stack trace:
#0 /home/ahc03/dr-intellectus.ru/test/framework/web/CWebApplication.php(141): CWebApplication->runController('favicon.ico')
#1 /home/ahc03/dr-intellectus.ru/test/framework/base/CApplication.php(180): CWebApplication->processRequest()
#2 /home/ahc03/dr-intellectus.ru/test/index.php(13): CApplication->run()
#3 {main}
REQUEST_URI=/favicon.ico
---
2013/11/11 11:55:04 [error] [exception.CHttpException.404] exception 'CHttpException' with message 'Невозможно обработать запрос "favicon.ico".' in /home/ahc03/dr-intellectus.ru/test/framework/web/CWebApplication.php:286
Stack trace:
#0 /home/ahc03/dr-intellectus.ru/test/framework/web/CWebApplication.php(141): CWebApplication->runController('favicon.ico')
#1 /home/ahc03/dr-intellectus.ru/test/framework/base/CApplication.php(180): CWebApplication->processRequest()
#2 /home/ahc03/dr-intellectus.ru/test/index.php(13): CApplication->run()
#3 {main}
REQUEST_URI=/favicon.ico
---
2013/11/11 11:55:06 [error] [exception.CHttpException.404] exception 'CHttpException' with message 'Невозможно обработать запрос "favicon.ico".' in /home/ahc03/dr-intellectus.ru/test/framework/web/CWebApplication.php:286
Stack trace:
#0 /home/ahc03/dr-intellectus.ru/test/framework/web/CWebApplication.php(141): CWebApplication->runController('favicon.ico')
#1 /home/ahc03/dr-intellectus.ru/test/framework/base/CApplication.php(180): CWebApplication->processRequest()
#2 /home/ahc03/dr-intellectus.ru/test/index.php(13): CApplication->run()
#3 {main}
REQUEST_URI=/favicon.ico
---
2013/11/11 11:55:08 [error] [exception.CHttpException.404] exception 'CHttpException' with message 'Невозможно обработать запрос "favicon.ico".' in /home/ahc03/dr-intellectus.ru/test/framework/web/CWebApplication.php:286
Stack trace:
#0 /home/ahc03/dr-intellectus.ru/test/framework/web/CWebApplication.php(141): CWebApplication->runController('favicon.ico')
#1 /home/ahc03/dr-intellectus.ru/test/framework/base/CApplication.php(180): CWebApplication->processRequest()
#2 /home/ahc03/dr-intellectus.ru/test/index.php(13): CApplication->run()
#3 {main}
REQUEST_URI=/favicon.ico
---
2013/11/11 11:55:09 [error] [exception.CHttpException.404] exception 'CHttpException' with message 'Невозможно обработать запрос "favicon.ico".' in /home/ahc03/dr-intellectus.ru/test/framework/web/CWebApplication.php:286
Stack trace:
#0 /home/ahc03/dr-intellectus.ru/test/framework/web/CWebApplication.php(141): CWebApplication->runController('favicon.ico')
#1 /home/ahc03/dr-intellectus.ru/test/framework/base/CApplication.php(180): CWebApplication->processRequest()
#2 /home/ahc03/dr-intellectus.ru/test/index.php(13): CApplication->run()
#3 {main}
REQUEST_URI=/favicon.ico
---
2013/11/11 11:55:11 [error] [exception.CHttpException.404] exception 'CHttpException' with message 'Невозможно обработать запрос "favicon.ico".' in /home/ahc03/dr-intellectus.ru/test/framework/web/CWebApplication.php:286
Stack trace:
#0 /home/ahc03/dr-intellectus.ru/test/framework/web/CWebApplication.php(141): CWebApplication->runController('favicon.ico')
#1 /home/ahc03/dr-intellectus.ru/test/framework/base/CApplication.php(180): CWebApplication->processRequest()
#2 /home/ahc03/dr-intellectus.ru/test/index.php(13): CApplication->run()
#3 {main}
REQUEST_URI=/favicon.ico
---
2013/11/11 11:56:06 [error] [exception.CHttpException.404] exception 'CHttpException' with message 'Невозможно обработать запрос "favicon.ico".' in /home/ahc03/dr-intellectus.ru/test/framework/web/CWebApplication.php:286
Stack trace:
#0 /home/ahc03/dr-intellectus.ru/test/framework/web/CWebApplication.php(141): CWebApplication->runController('favicon.ico')
#1 /home/ahc03/dr-intellectus.ru/test/framework/base/CApplication.php(180): CWebApplication->processRequest()
#2 /home/ahc03/dr-intellectus.ru/test/index.php(13): CApplication->run()
#3 {main}
REQUEST_URI=/favicon.ico
---
2013/11/11 11:56:09 [error] [exception.CHttpException.404] exception 'CHttpException' with message 'Невозможно обработать запрос "favicon.ico".' in /home/ahc03/dr-intellectus.ru/test/framework/web/CWebApplication.php:286
Stack trace:
#0 /home/ahc03/dr-intellectus.ru/test/framework/web/CWebApplication.php(141): CWebApplication->runController('favicon.ico')
#1 /home/ahc03/dr-intellectus.ru/test/framework/base/CApplication.php(180): CWebApplication->processRequest()
#2 /home/ahc03/dr-intellectus.ru/test/index.php(13): CApplication->run()
#3 {main}
REQUEST_URI=/favicon.ico
---
2013/11/11 11:56:15 [error] [exception.CHttpException.404] exception 'CHttpException' with message 'Невозможно обработать запрос "favicon.ico".' in /home/ahc03/dr-intellectus.ru/test/framework/web/CWebApplication.php:286
Stack trace:
#0 /home/ahc03/dr-intellectus.ru/test/framework/web/CWebApplication.php(141): CWebApplication->runController('favicon.ico')
#1 /home/ahc03/dr-intellectus.ru/test/framework/base/CApplication.php(180): CWebApplication->processRequest()
#2 /home/ahc03/dr-intellectus.ru/test/index.php(13): CApplication->run()
#3 {main}
REQUEST_URI=/favicon.ico
---
2013/11/11 11:56:17 [error] [exception.CHttpException.404] exception 'CHttpException' with message 'Невозможно обработать запрос "favicon.ico".' in /home/ahc03/dr-intellectus.ru/test/framework/web/CWebApplication.php:286
Stack trace:
#0 /home/ahc03/dr-intellectus.ru/test/framework/web/CWebApplication.php(141): CWebApplication->runController('favicon.ico')
#1 /home/ahc03/dr-intellectus.ru/test/framework/base/CApplication.php(180): CWebApplication->processRequest()
#2 /home/ahc03/dr-intellectus.ru/test/index.php(13): CApplication->run()
#3 {main}
REQUEST_URI=/favicon.ico
---
2013/11/11 11:56:38 [error] [exception.CHttpException.404] exception 'CHttpException' with message 'Невозможно обработать запрос "favicon.ico".' in /home/ahc03/dr-intellectus.ru/test/framework/web/CWebApplication.php:286
Stack trace:
#0 /home/ahc03/dr-intellectus.ru/test/framework/web/CWebApplication.php(141): CWebApplication->runController('favicon.ico')
#1 /home/ahc03/dr-intellectus.ru/test/framework/base/CApplication.php(180): CWebApplication->processRequest()
#2 /home/ahc03/dr-intellectus.ru/test/index.php(13): CApplication->run()
#3 {main}
REQUEST_URI=/favicon.ico
---
2013/11/11 11:56:41 [error] [exception.CHttpException.404] exception 'CHttpException' with message 'Невозможно обработать запрос "favicon.ico".' in /home/ahc03/dr-intellectus.ru/test/framework/web/CWebApplication.php:286
Stack trace:
#0 /home/ahc03/dr-intellectus.ru/test/framework/web/CWebApplication.php(141): CWebApplication->runController('favicon.ico')
#1 /home/ahc03/dr-intellectus.ru/test/framework/base/CApplication.php(180): CWebApplication->processRequest()
#2 /home/ahc03/dr-intellectus.ru/test/index.php(13): CApplication->run()
#3 {main}
REQUEST_URI=/favicon.ico
---
2013/11/11 11:56:43 [error] [exception.CHttpException.404] exception 'CHttpException' with message 'Невозможно обработать запрос "favicon.ico".' in /home/ahc03/dr-intellectus.ru/test/framework/web/CWebApplication.php:286
Stack trace:
#0 /home/ahc03/dr-intellectus.ru/test/framework/web/CWebApplication.php(141): CWebApplication->runController('favicon.ico')
#1 /home/ahc03/dr-intellectus.ru/test/framework/base/CApplication.php(180): CWebApplication->processRequest()
#2 /home/ahc03/dr-intellectus.ru/test/index.php(13): CApplication->run()
#3 {main}
REQUEST_URI=/favicon.ico
---
2013/11/11 11:56:44 [error] [exception.CHttpException.404] exception 'CHttpException' with message 'Невозможно обработать запрос "favicon.ico".' in /home/ahc03/dr-intellectus.ru/test/framework/web/CWebApplication.php:286
Stack trace:
#0 /home/ahc03/dr-intellectus.ru/test/framework/web/CWebApplication.php(141): CWebApplication->runController('favicon.ico')
#1 /home/ahc03/dr-intellectus.ru/test/framework/base/CApplication.php(180): CWebApplication->processRequest()
#2 /home/ahc03/dr-intellectus.ru/test/index.php(13): CApplication->run()
#3 {main}
REQUEST_URI=/favicon.ico
---
2013/11/11 11:58:34 [error] [exception.CHttpException.404] exception 'CHttpException' with message 'Невозможно обработать запрос "favicon.ico".' in /home/ahc03/dr-intellectus.ru/test/framework/web/CWebApplication.php:286
Stack trace:
#0 /home/ahc03/dr-intellectus.ru/test/framework/web/CWebApplication.php(141): CWebApplication->runController('favicon.ico')
#1 /home/ahc03/dr-intellectus.ru/test/framework/base/CApplication.php(180): CWebApplication->processRequest()
#2 /home/ahc03/dr-intellectus.ru/test/index.php(13): CApplication->run()
#3 {main}
REQUEST_URI=/favicon.ico
---
2013/11/11 12:00:06 [error] [exception.CHttpException.404] exception 'CHttpException' with message 'Невозможно обработать запрос "favicon.ico".' in /home/ahc03/dr-intellectus.ru/test/framework/web/CWebApplication.php:286
Stack trace:
#0 /home/ahc03/dr-intellectus.ru/test/framework/web/CWebApplication.php(141): CWebApplication->runController('favicon.ico')
#1 /home/ahc03/dr-intellectus.ru/test/framework/base/CApplication.php(180): CWebApplication->processRequest()
#2 /home/ahc03/dr-intellectus.ru/test/index.php(13): CApplication->run()
#3 {main}
REQUEST_URI=/favicon.ico
---
2013/11/11 12:02:08 [error] [exception.CHttpException.404] exception 'CHttpException' with message 'Невозможно обработать запрос "favicon.ico".' in /home/ahc03/dr-intellectus.ru/test/framework/web/CWebApplication.php:286
Stack trace:
#0 /home/ahc03/dr-intellectus.ru/test/framework/web/CWebApplication.php(141): CWebApplication->runController('favicon.ico')
#1 /home/ahc03/dr-intellectus.ru/test/framework/base/CApplication.php(180): CWebApplication->processRequest()
#2 /home/ahc03/dr-intellectus.ru/test/index.php(13): CApplication->run()
#3 {main}
REQUEST_URI=/favicon.ico
---
2013/11/11 12:02:16 [error] [exception.CHttpException.404] exception 'CHttpException' with message 'Невозможно обработать запрос "favicon.ico".' in /home/ahc03/dr-intellectus.ru/test/framework/web/CWebApplication.php:286
Stack trace:
#0 /home/ahc03/dr-intellectus.ru/test/framework/web/CWebApplication.php(141): CWebApplication->runController('favicon.ico')
#1 /home/ahc03/dr-intellectus.ru/test/framework/base/CApplication.php(180): CWebApplication->processRequest()
#2 /home/ahc03/dr-intellectus.ru/test/index.php(13): CApplication->run()
#3 {main}
REQUEST_URI=/favicon.ico
---
2013/11/11 12:02:36 [error] [exception.CHttpException.404] exception 'CHttpException' with message 'Невозможно обработать запрос "favicon.ico".' in /home/ahc03/dr-intellectus.ru/test/framework/web/CWebApplication.php:286
Stack trace:
#0 /home/ahc03/dr-intellectus.ru/test/framework/web/CWebApplication.php(141): CWebApplication->runController('favicon.ico')
#1 /home/ahc03/dr-intellectus.ru/test/framework/base/CApplication.php(180): CWebApplication->processRequest()
#2 /home/ahc03/dr-intellectus.ru/test/index.php(13): CApplication->run()
#3 {main}
REQUEST_URI=/favicon.ico
---
2013/11/11 12:08:16 [error] [exception.CHttpException.404] exception 'CHttpException' with message 'Невозможно обработать запрос "favicon.ico".' in /home/ahc03/dr-intellectus.ru/test/framework/web/CWebApplication.php:286
Stack trace:
#0 /home/ahc03/dr-intellectus.ru/test/framework/web/CWebApplication.php(141): CWebApplication->runController('favicon.ico')
#1 /home/ahc03/dr-intellectus.ru/test/framework/base/CApplication.php(180): CWebApplication->processRequest()
#2 /home/ahc03/dr-intellectus.ru/test/index.php(13): CApplication->run()
#3 {main}
REQUEST_URI=/favicon.ico
---
2013/11/11 12:10:32 [error] [exception.CHttpException.404] exception 'CHttpException' with message 'Невозможно обработать запрос "favicon.ico".' in /home/ahc03/dr-intellectus.ru/test/framework/web/CWebApplication.php:286
Stack trace:
#0 /home/ahc03/dr-intellectus.ru/test/framework/web/CWebApplication.php(141): CWebApplication->runController('favicon.ico')
#1 /home/ahc03/dr-intellectus.ru/test/framework/base/CApplication.php(180): CWebApplication->processRequest()
#2 /home/ahc03/dr-intellectus.ru/test/index.php(13): CApplication->run()
#3 {main}
REQUEST_URI=/favicon.ico
---
2013/11/11 12:11:04 [error] [exception.CHttpException.404] exception 'CHttpException' with message 'Невозможно обработать запрос "favicon.ico".' in /home/ahc03/dr-intellectus.ru/test/framework/web/CWebApplication.php:286
Stack trace:
#0 /home/ahc03/dr-intellectus.ru/test/framework/web/CWebApplication.php(141): CWebApplication->runController('favicon.ico')
#1 /home/ahc03/dr-intellectus.ru/test/framework/base/CApplication.php(180): CWebApplication->processRequest()
#2 /home/ahc03/dr-intellectus.ru/test/index.php(13): CApplication->run()
#3 {main}
REQUEST_URI=/favicon.ico
---
2013/11/11 12:11:07 [error] [exception.CHttpException.404] exception 'CHttpException' with message 'Невозможно обработать запрос "favicon.ico".' in /home/ahc03/dr-intellectus.ru/test/framework/web/CWebApplication.php:286
Stack trace:
#0 /home/ahc03/dr-intellectus.ru/test/framework/web/CWebApplication.php(141): CWebApplication->runController('favicon.ico')
#1 /home/ahc03/dr-intellectus.ru/test/framework/base/CApplication.php(180): CWebApplication->processRequest()
#2 /home/ahc03/dr-intellectus.ru/test/index.php(13): CApplication->run()
#3 {main}
REQUEST_URI=/favicon.ico
---
2013/11/11 12:11:21 [error] [exception.CHttpException.404] exception 'CHttpException' with message 'Невозможно обработать запрос "favicon.ico".' in /home/ahc03/dr-intellectus.ru/test/framework/web/CWebApplication.php:286
Stack trace:
#0 /home/ahc03/dr-intellectus.ru/test/framework/web/CWebApplication.php(141): CWebApplication->runController('favicon.ico')
#1 /home/ahc03/dr-intellectus.ru/test/framework/base/CApplication.php(180): CWebApplication->processRequest()
#2 /home/ahc03/dr-intellectus.ru/test/index.php(13): CApplication->run()
#3 {main}
REQUEST_URI=/favicon.ico
---
2013/11/11 12:12:32 [error] [exception.CHttpException.404] exception 'CHttpException' with message 'Невозможно обработать запрос "favicon.ico".' in /home/ahc03/dr-intellectus.ru/test/framework/web/CWebApplication.php:286
Stack trace:
#0 /home/ahc03/dr-intellectus.ru/test/framework/web/CWebApplication.php(141): CWebApplication->runController('favicon.ico')
#1 /home/ahc03/dr-intellectus.ru/test/framework/base/CApplication.php(180): CWebApplication->processRequest()
#2 /home/ahc03/dr-intellectus.ru/test/index.php(13): CApplication->run()
#3 {main}
REQUEST_URI=/favicon.ico
---
2013/11/11 12:12:43 [error] [exception.CHttpException.404] exception 'CHttpException' with message 'Невозможно обработать запрос "favicon.ico".' in /home/ahc03/dr-intellectus.ru/test/framework/web/CWebApplication.php:286
Stack trace:
#0 /home/ahc03/dr-intellectus.ru/test/framework/web/CWebApplication.php(141): CWebApplication->runController('favicon.ico')
#1 /home/ahc03/dr-intellectus.ru/test/framework/base/CApplication.php(180): CWebApplication->processRequest()
#2 /home/ahc03/dr-intellectus.ru/test/index.php(13): CApplication->run()
#3 {main}
REQUEST_URI=/favicon.ico
---
2013/11/11 12:12:44 [error] [exception.CHttpException.404] exception 'CHttpException' with message 'Невозможно обработать запрос "favicon.ico".' in /home/ahc03/dr-intellectus.ru/test/framework/web/CWebApplication.php:286
Stack trace:
#0 /home/ahc03/dr-intellectus.ru/test/framework/web/CWebApplication.php(141): CWebApplication->runController('favicon.ico')
#1 /home/ahc03/dr-intellectus.ru/test/framework/base/CApplication.php(180): CWebApplication->processRequest()
#2 /home/ahc03/dr-intellectus.ru/test/index.php(13): CApplication->run()
#3 {main}
REQUEST_URI=/favicon.ico
---
2013/11/11 12:12:48 [error] [exception.CHttpException.404] exception 'CHttpException' with message 'Невозможно обработать запрос "favicon.ico".' in /home/ahc03/dr-intellectus.ru/test/framework/web/CWebApplication.php:286
Stack trace:
#0 /home/ahc03/dr-intellectus.ru/test/framework/web/CWebApplication.php(141): CWebApplication->runController('favicon.ico')
#1 /home/ahc03/dr-intellectus.ru/test/framework/base/CApplication.php(180): CWebApplication->processRequest()
#2 /home/ahc03/dr-intellectus.ru/test/index.php(13): CApplication->run()
#3 {main}
REQUEST_URI=/favicon.ico
---
2013/11/11 12:13:42 [error] [exception.CHttpException.404] exception 'CHttpException' with message 'Невозможно обработать запрос "favicon.ico".' in /home/ahc03/dr-intellectus.ru/test/framework/web/CWebApplication.php:286
Stack trace:
#0 /home/ahc03/dr-intellectus.ru/test/framework/web/CWebApplication.php(141): CWebApplication->runController('favicon.ico')
#1 /home/ahc03/dr-intellectus.ru/test/framework/base/CApplication.php(180): CWebApplication->processRequest()
#2 /home/ahc03/dr-intellectus.ru/test/index.php(13): CApplication->run()
#3 {main}
REQUEST_URI=/favicon.ico
---
2013/11/11 12:13:44 [error] [exception.CHttpException.404] exception 'CHttpException' with message 'Невозможно обработать запрос "favicon.ico".' in /home/ahc03/dr-intellectus.ru/test/framework/web/CWebApplication.php:286
Stack trace:
#0 /home/ahc03/dr-intellectus.ru/test/framework/web/CWebApplication.php(141): CWebApplication->runController('favicon.ico')
#1 /home/ahc03/dr-intellectus.ru/test/framework/base/CApplication.php(180): CWebApplication->processRequest()
#2 /home/ahc03/dr-intellectus.ru/test/index.php(13): CApplication->run()
#3 {main}
REQUEST_URI=/favicon.ico
---
2013/11/11 12:14:03 [error] [exception.CHttpException.404] exception 'CHttpException' with message 'Невозможно обработать запрос "favicon.ico".' in /home/ahc03/dr-intellectus.ru/test/framework/web/CWebApplication.php:286
Stack trace:
#0 /home/ahc03/dr-intellectus.ru/test/framework/web/CWebApplication.php(141): CWebApplication->runController('favicon.ico')
#1 /home/ahc03/dr-intellectus.ru/test/framework/base/CApplication.php(180): CWebApplication->processRequest()
#2 /home/ahc03/dr-intellectus.ru/test/index.php(13): CApplication->run()
#3 {main}
REQUEST_URI=/favicon.ico
---
2013/11/11 12:15:03 [error] [exception.CHttpException.404] exception 'CHttpException' with message 'Невозможно обработать запрос "favicon.ico".' in /home/ahc03/dr-intellectus.ru/test/framework/web/CWebApplication.php:286
Stack trace:
#0 /home/ahc03/dr-intellectus.ru/test/framework/web/CWebApplication.php(141): CWebApplication->runController('favicon.ico')
#1 /home/ahc03/dr-intellectus.ru/test/framework/base/CApplication.php(180): CWebApplication->processRequest()
#2 /home/ahc03/dr-intellectus.ru/test/index.php(13): CApplication->run()
#3 {main}
REQUEST_URI=/favicon.ico
---
2013/11/11 12:15:29 [error] [exception.CHttpException.404] exception 'CHttpException' with message 'Невозможно обработать запрос "favicon.ico".' in /home/ahc03/dr-intellectus.ru/test/framework/web/CWebApplication.php:286
Stack trace:
#0 /home/ahc03/dr-intellectus.ru/test/framework/web/CWebApplication.php(141): CWebApplication->runController('favicon.ico')
#1 /home/ahc03/dr-intellectus.ru/test/framework/base/CApplication.php(180): CWebApplication->processRequest()
#2 /home/ahc03/dr-intellectus.ru/test/index.php(13): CApplication->run()
#3 {main}
REQUEST_URI=/favicon.ico
---
2013/11/11 12:16:25 [error] [exception.CHttpException.404] exception 'CHttpException' with message 'Невозможно обработать запрос "favicon.ico".' in /home/ahc03/dr-intellectus.ru/test/framework/web/CWebApplication.php:286
Stack trace:
#0 /home/ahc03/dr-intellectus.ru/test/framework/web/CWebApplication.php(141): CWebApplication->runController('favicon.ico')
#1 /home/ahc03/dr-intellectus.ru/test/framework/base/CApplication.php(180): CWebApplication->processRequest()
#2 /home/ahc03/dr-intellectus.ru/test/index.php(13): CApplication->run()
#3 {main}
REQUEST_URI=/favicon.ico
---
2013/11/11 12:16:48 [error] [exception.CHttpException.404] exception 'CHttpException' with message 'Невозможно обработать запрос "favicon.ico".' in /home/ahc03/dr-intellectus.ru/test/framework/web/CWebApplication.php:286
Stack trace:
#0 /home/ahc03/dr-intellectus.ru/test/framework/web/CWebApplication.php(141): CWebApplication->runController('favicon.ico')
#1 /home/ahc03/dr-intellectus.ru/test/framework/base/CApplication.php(180): CWebApplication->processRequest()
#2 /home/ahc03/dr-intellectus.ru/test/index.php(13): CApplication->run()
#3 {main}
REQUEST_URI=/favicon.ico
---
2013/11/11 12:18:50 [error] [exception.CHttpException.404] exception 'CHttpException' with message 'Невозможно обработать запрос "favicon.ico".' in /home/ahc03/dr-intellectus.ru/test/framework/web/CWebApplication.php:286
Stack trace:
#0 /home/ahc03/dr-intellectus.ru/test/framework/web/CWebApplication.php(141): CWebApplication->runController('favicon.ico')
#1 /home/ahc03/dr-intellectus.ru/test/framework/base/CApplication.php(180): CWebApplication->processRequest()
#2 /home/ahc03/dr-intellectus.ru/test/index.php(13): CApplication->run()
#3 {main}
REQUEST_URI=/favicon.ico
---
2013/11/11 12:19:08 [error] [exception.CHttpException.404] exception 'CHttpException' with message 'Невозможно обработать запрос "favicon.ico".' in /home/ahc03/dr-intellectus.ru/test/framework/web/CWebApplication.php:286
Stack trace:
#0 /home/ahc03/dr-intellectus.ru/test/framework/web/CWebApplication.php(141): CWebApplication->runController('favicon.ico')
#1 /home/ahc03/dr-intellectus.ru/test/framework/base/CApplication.php(180): CWebApplication->processRequest()
#2 /home/ahc03/dr-intellectus.ru/test/index.php(13): CApplication->run()
#3 {main}
REQUEST_URI=/favicon.ico
---
2013/11/11 12:29:34 [error] [exception.CHttpException.404] exception 'CHttpException' with message 'Невозможно обработать запрос "favicon.ico".' in /home/ahc03/dr-intellectus.ru/test/framework/web/CWebApplication.php:286
Stack trace:
#0 /home/ahc03/dr-intellectus.ru/test/framework/web/CWebApplication.php(141): CWebApplication->runController('favicon.ico')
#1 /home/ahc03/dr-intellectus.ru/test/framework/base/CApplication.php(180): CWebApplication->processRequest()
#2 /home/ahc03/dr-intellectus.ru/test/index.php(13): CApplication->run()
#3 {main}
REQUEST_URI=/favicon.ico
---
2013/11/11 12:31:17 [error] [exception.CHttpException.404] exception 'CHttpException' with message 'Невозможно обработать запрос "favicon.ico".' in /home/ahc03/dr-intellectus.ru/test/framework/web/CWebApplication.php:286
Stack trace:
#0 /home/ahc03/dr-intellectus.ru/test/framework/web/CWebApplication.php(141): CWebApplication->runController('favicon.ico')
#1 /home/ahc03/dr-intellectus.ru/test/framework/base/CApplication.php(180): CWebApplication->processRequest()
#2 /home/ahc03/dr-intellectus.ru/test/index.php(13): CApplication->run()
#3 {main}
REQUEST_URI=/favicon.ico
---
2013/11/11 12:31:19 [error] [exception.CHttpException.404] exception 'CHttpException' with message 'Невозможно обработать запрос "favicon.ico".' in /home/ahc03/dr-intellectus.ru/test/framework/web/CWebApplication.php:286
Stack trace:
#0 /home/ahc03/dr-intellectus.ru/test/framework/web/CWebApplication.php(141): CWebApplication->runController('favicon.ico')
#1 /home/ahc03/dr-intellectus.ru/test/framework/base/CApplication.php(180): CWebApplication->processRequest()
#2 /home/ahc03/dr-intellectus.ru/test/index.php(13): CApplication->run()
#3 {main}
REQUEST_URI=/favicon.ico
---
2013/11/11 12:31:21 [error] [exception.CHttpException.404] exception 'CHttpException' with message 'Невозможно обработать запрос "favicon.ico".' in /home/ahc03/dr-intellectus.ru/test/framework/web/CWebApplication.php:286
Stack trace:
#0 /home/ahc03/dr-intellectus.ru/test/framework/web/CWebApplication.php(141): CWebApplication->runController('favicon.ico')
#1 /home/ahc03/dr-intellectus.ru/test/framework/base/CApplication.php(180): CWebApplication->processRequest()
#2 /home/ahc03/dr-intellectus.ru/test/index.php(13): CApplication->run()
#3 {main}
REQUEST_URI=/favicon.ico
---
2013/11/11 12:31:24 [error] [exception.CHttpException.404] exception 'CHttpException' with message 'Невозможно обработать запрос "favicon.ico".' in /home/ahc03/dr-intellectus.ru/test/framework/web/CWebApplication.php:286
Stack trace:
#0 /home/ahc03/dr-intellectus.ru/test/framework/web/CWebApplication.php(141): CWebApplication->runController('favicon.ico')
#1 /home/ahc03/dr-intellectus.ru/test/framework/base/CApplication.php(180): CWebApplication->processRequest()
#2 /home/ahc03/dr-intellectus.ru/test/index.php(13): CApplication->run()
#3 {main}
REQUEST_URI=/favicon.ico
---
2013/11/11 12:31:34 [error] [exception.CHttpException.404] exception 'CHttpException' with message 'Невозможно обработать запрос "favicon.ico".' in /home/ahc03/dr-intellectus.ru/test/framework/web/CWebApplication.php:286
Stack trace:
#0 /home/ahc03/dr-intellectus.ru/test/framework/web/CWebApplication.php(141): CWebApplication->runController('favicon.ico')
#1 /home/ahc03/dr-intellectus.ru/test/framework/base/CApplication.php(180): CWebApplication->processRequest()
#2 /home/ahc03/dr-intellectus.ru/test/index.php(13): CApplication->run()
#3 {main}
REQUEST_URI=/favicon.ico
---
2013/11/11 12:33:42 [error] [exception.CException] exception 'CException' with message 'Не определено свойство "CallerReport.User".' in /home/ahc03/dr-intellectus.ru/test/framework/base/CComponent.php:130
Stack trace:
#0 /home/ahc03/dr-intellectus.ru/test/framework/db/ar/CActiveRecord.php(145): CComponent->__get('User')
#1 /home/ahc03/dr-intellectus.ru/test/framework/base/CComponent.php(612) : eval()'d code(1): CActiveRecord->__get('User')
#2 /home/ahc03/dr-intellectus.ru/test/framework/base/CComponent.php(612): eval()
#3 /home/ahc03/dr-intellectus.ru/test/framework/zii/widgets/grid/CDataColumn.php(137): CComponent->evaluateExpression('$data->User->re...', Array)
#4 /home/ahc03/dr-intellectus.ru/test/framework/zii/widgets/grid/CGridColumn.php(151): CDataColumn->renderDataCellContent(0, Object(CallerReport))
#5 /home/ahc03/dr-intellectus.ru/test/framework/zii/widgets/grid/CGridView.php(616): CGridColumn->renderDataCell(0)
#6 /home/ahc03/dr-intellectus.ru/test/framework/zii/widgets/grid/CGridView.php(572): CGridView->renderTableRow(0)
#7 /home/ahc03/dr-intellectus.ru/test/framework/zii/widgets/grid/CGridView.php(482): CGridView->renderTableBody()
#8 /home/ahc03/dr-intellectus.ru/test/framework/zii/widgets/CBaseListView.php(167): CGridView->renderItems()
#9 [internal function]: CBaseListView->renderSection(Array)
#10 /home/ahc03/dr-intellectus.ru/test/framework/zii/widgets/CBaseListView.php(150): preg_replace_callback('/{(\w+)}/', Array, '{summary}?{item...')
#11 /home/ahc03/dr-intellectus.ru/test/framework/zii/widgets/CBaseListView.php(135): CBaseListView->renderContent()
#12 /home/ahc03/dr-intellectus.ru/test/framework/web/CBaseController.php(173): CBaseListView->run()
#13 /home/ahc03/dr-intellectus.ru/test/protected/views/callerReport/Meetings.php(28): CBaseController->widget('zii.widgets.gri...', Array)
#14 /home/ahc03/dr-intellectus.ru/test/framework/web/CBaseController.php(126): require('/home/ahc03/dr-...')
#15 /home/ahc03/dr-intellectus.ru/test/framework/web/CBaseController.php(95): CBaseController->renderInternal('/home/ahc03/dr-...', Array, true)
#16 /home/ahc03/dr-intellectus.ru/test/framework/web/CController.php(869): CBaseController->renderFile('/home/ahc03/dr-...', Array, true)
#17 /home/ahc03/dr-intellectus.ru/test/framework/web/CController.php(782): CController->renderPartial('Meetings', Array, true)
#18 /home/ahc03/dr-intellectus.ru/test/protected/controllers/CallerReportController.php(243): CController->render('Meetings', Array)
#19 /home/ahc03/dr-intellectus.ru/test/framework/web/actions/CInlineAction.php(49): CallerReportController->actionMeetings()
#20 /home/ahc03/dr-intellectus.ru/test/framework/web/CController.php(308): CInlineAction->runWithParams(Array)
#21 /home/ahc03/dr-intellectus.ru/test/framework/web/filters/CFilterChain.php(133): CController->runAction(Object(CInlineAction))
#22 /home/ahc03/dr-intellectus.ru/test/framework/web/filters/CFilter.php(40): CFilterChain->run()
#23 /home/ahc03/dr-intellectus.ru/test/framework/web/CController.php(1145): CFilter->filter(Object(CFilterChain))
#24 /home/ahc03/dr-intellectus.ru/test/framework/web/filters/CInlineFilter.php(58): CController->filterAccessControl(Object(CFilterChain))
#25 /home/ahc03/dr-intellectus.ru/test/framework/web/filters/CFilterChain.php(130): CInlineFilter->filter(Object(CFilterChain))
#26 /home/ahc03/dr-intellectus.ru/test/framework/web/CController.php(291): CFilterChain->run()
#27 /home/ahc03/dr-intellectus.ru/test/framework/web/CController.php(265): CController->runActionWithFilters(Object(CInlineAction), Array)
#28 /home/ahc03/dr-intellectus.ru/test/framework/web/CWebApplication.php(282): CController->run('Meetings')
#29 /home/ahc03/dr-intellectus.ru/test/framework/web/CWebApplication.php(141): CWebApplication->runController('callerReport/Me...')
#30 /home/ahc03/dr-intellectus.ru/test/framework/base/CApplication.php(180): CWebApplication->processRequest()
#31 /home/ahc03/dr-intellectus.ru/test/index.php(13): CApplication->run()
#32 {main}
REQUEST_URI=/callerReport/Meetings
HTTP_REFERER=http://test.dr-intellectus.ru/callerReport/index
---
2013/11/11 12:35:39 [error] [exception.CHttpException.404] exception 'CHttpException' with message 'Невозможно обработать запрос "favicon.ico".' in /home/ahc03/dr-intellectus.ru/test/framework/web/CWebApplication.php:286
Stack trace:
#0 /home/ahc03/dr-intellectus.ru/test/framework/web/CWebApplication.php(141): CWebApplication->runController('favicon.ico')
#1 /home/ahc03/dr-intellectus.ru/test/framework/base/CApplication.php(180): CWebApplication->processRequest()
#2 /home/ahc03/dr-intellectus.ru/test/index.php(13): CApplication->run()
#3 {main}
REQUEST_URI=/favicon.ico
---
2013/11/11 12:35:42 [error] [exception.CHttpException.404] exception 'CHttpException' with message 'Невозможно обработать запрос "favicon.ico".' in /home/ahc03/dr-intellectus.ru/test/framework/web/CWebApplication.php:286
Stack trace:
#0 /home/ahc03/dr-intellectus.ru/test/framework/web/CWebApplication.php(141): CWebApplication->runController('favicon.ico')
#1 /home/ahc03/dr-intellectus.ru/test/framework/base/CApplication.php(180): CWebApplication->processRequest()
#2 /home/ahc03/dr-intellectus.ru/test/index.php(13): CApplication->run()
#3 {main}
REQUEST_URI=/favicon.ico
---
2013/11/11 12:37:43 [error] [exception.CHttpException.404] exception 'CHttpException' with message 'Невозможно обработать запрос "favicon.ico".' in /home/ahc03/dr-intellectus.ru/test/framework/web/CWebApplication.php:286
Stack trace:
#0 /home/ahc03/dr-intellectus.ru/test/framework/web/CWebApplication.php(141): CWebApplication->runController('favicon.ico')
#1 /home/ahc03/dr-intellectus.ru/test/framework/base/CApplication.php(180): CWebApplication->processRequest()
#2 /home/ahc03/dr-intellectus.ru/test/index.php(13): CApplication->run()
#3 {main}
REQUEST_URI=/favicon.ico
---
2013/11/11 12:40:28 [error] [exception.CHttpException.404] exception 'CHttpException' with message 'Невозможно обработать запрос "favicon.ico".' in /home/ahc03/dr-intellectus.ru/test/framework/web/CWebApplication.php:286
Stack trace:
#0 /home/ahc03/dr-intellectus.ru/test/framework/web/CWebApplication.php(141): CWebApplication->runController('favicon.ico')
#1 /home/ahc03/dr-intellectus.ru/test/framework/base/CApplication.php(180): CWebApplication->processRequest()
#2 /home/ahc03/dr-intellectus.ru/test/index.php(13): CApplication->run()
#3 {main}
REQUEST_URI=/favicon.ico
---
2013/11/11 12:40:39 [error] [exception.CHttpException.404] exception 'CHttpException' with message 'Невозможно обработать запрос "favicon.ico".' in /home/ahc03/dr-intellectus.ru/test/framework/web/CWebApplication.php:286
Stack trace:
#0 /home/ahc03/dr-intellectus.ru/test/framework/web/CWebApplication.php(141): CWebApplication->runController('favicon.ico')
#1 /home/ahc03/dr-intellectus.ru/test/framework/base/CApplication.php(180): CWebApplication->processRequest()
#2 /home/ahc03/dr-intellectus.ru/test/index.php(13): CApplication->run()
#3 {main}
REQUEST_URI=/favicon.ico
---
2013/11/11 12:42:26 [error] [exception.CHttpException.404] exception 'CHttpException' with message 'Невозможно обработать запрос "favicon.ico".' in /home/ahc03/dr-intellectus.ru/test/framework/web/CWebApplication.php:286
Stack trace:
#0 /home/ahc03/dr-intellectus.ru/test/framework/web/CWebApplication.php(141): CWebApplication->runController('favicon.ico')
#1 /home/ahc03/dr-intellectus.ru/test/framework/base/CApplication.php(180): CWebApplication->processRequest()
#2 /home/ahc03/dr-intellectus.ru/test/index.php(13): CApplication->run()
#3 {main}
REQUEST_URI=/favicon.ico
---
2013/11/11 12:42:29 [error] [exception.CHttpException.404] exception 'CHttpException' with message 'Невозможно обработать запрос "favicon.ico".' in /home/ahc03/dr-intellectus.ru/test/framework/web/CWebApplication.php:286
Stack trace:
#0 /home/ahc03/dr-intellectus.ru/test/framework/web/CWebApplication.php(141): CWebApplication->runController('favicon.ico')
#1 /home/ahc03/dr-intellectus.ru/test/framework/base/CApplication.php(180): CWebApplication->processRequest()
#2 /home/ahc03/dr-intellectus.ru/test/index.php(13): CApplication->run()
#3 {main}
REQUEST_URI=/favicon.ico
---
2013/11/11 12:43:54 [error] [exception.CHttpException.404] exception 'CHttpException' with message 'Невозможно обработать запрос "favicon.ico".' in /home/ahc03/dr-intellectus.ru/test/framework/web/CWebApplication.php:286
Stack trace:
#0 /home/ahc03/dr-intellectus.ru/test/framework/web/CWebApplication.php(141): CWebApplication->runController('favicon.ico')
#1 /home/ahc03/dr-intellectus.ru/test/framework/base/CApplication.php(180): CWebApplication->processRequest()
#2 /home/ahc03/dr-intellectus.ru/test/index.php(13): CApplication->run()
#3 {main}
REQUEST_URI=/favicon.ico
---
2013/11/11 12:45:55 [error] [exception.CHttpException.404] exception 'CHttpException' with message 'Невозможно обработать запрос "favicon.ico".' in /home/ahc03/dr-intellectus.ru/test/framework/web/CWebApplication.php:286
Stack trace:
#0 /home/ahc03/dr-intellectus.ru/test/framework/web/CWebApplication.php(141): CWebApplication->runController('favicon.ico')
#1 /home/ahc03/dr-intellectus.ru/test/framework/base/CApplication.php(180): CWebApplication->processRequest()
#2 /home/ahc03/dr-intellectus.ru/test/index.php(13): CApplication->run()
#3 {main}
REQUEST_URI=/favicon.ico
---
2013/11/11 12:49:10 [error] [exception.CHttpException.404] exception 'CHttpException' with message 'Невозможно обработать запрос "favicon.ico".' in /home/ahc03/dr-intellectus.ru/test/framework/web/CWebApplication.php:286
Stack trace:
#0 /home/ahc03/dr-intellectus.ru/test/framework/web/CWebApplication.php(141): CWebApplication->runController('favicon.ico')
#1 /home/ahc03/dr-intellectus.ru/test/framework/base/CApplication.php(180): CWebApplication->processRequest()
#2 /home/ahc03/dr-intellectus.ru/test/index.php(13): CApplication->run()
#3 {main}
REQUEST_URI=/favicon.ico
---
2013/11/11 12:49:35 [error] [exception.CHttpException.404] exception 'CHttpException' with message 'Невозможно обработать запрос "favicon.ico".' in /home/ahc03/dr-intellectus.ru/test/framework/web/CWebApplication.php:286
Stack trace:
#0 /home/ahc03/dr-intellectus.ru/test/framework/web/CWebApplication.php(141): CWebApplication->runController('favicon.ico')
#1 /home/ahc03/dr-intellectus.ru/test/framework/base/CApplication.php(180): CWebApplication->processRequest()
#2 /home/ahc03/dr-intellectus.ru/test/index.php(13): CApplication->run()
#3 {main}
REQUEST_URI=/favicon.ico
---
2013/11/11 12:50:32 [error] [exception.CHttpException.404] exception 'CHttpException' with message 'Невозможно обработать запрос "favicon.ico".' in /home/ahc03/dr-intellectus.ru/test/framework/web/CWebApplication.php:286
Stack trace:
#0 /home/ahc03/dr-intellectus.ru/test/framework/web/CWebApplication.php(141): CWebApplication->runController('favicon.ico')
#1 /home/ahc03/dr-intellectus.ru/test/framework/base/CApplication.php(180): CWebApplication->processRequest()
#2 /home/ahc03/dr-intellectus.ru/test/index.php(13): CApplication->run()
#3 {main}
REQUEST_URI=/favicon.ico
---
2013/11/11 12:51:01 [error] [exception.CHttpException.404] exception 'CHttpException' with message 'Невозможно обработать запрос "favicon.ico".' in /home/ahc03/dr-intellectus.ru/test/framework/web/CWebApplication.php:286
Stack trace:
#0 /home/ahc03/dr-intellectus.ru/test/framework/web/CWebApplication.php(141): CWebApplication->runController('favicon.ico')
#1 /home/ahc03/dr-intellectus.ru/test/framework/base/CApplication.php(180): CWebApplication->processRequest()
#2 /home/ahc03/dr-intellectus.ru/test/index.php(13): CApplication->run()
#3 {main}
REQUEST_URI=/favicon.ico
---
2013/11/11 12:52:25 [error] [exception.CHttpException.404] exception 'CHttpException' with message 'Невозможно обработать запрос "favicon.ico".' in /home/ahc03/dr-intellectus.ru/test/framework/web/CWebApplication.php:286
Stack trace:
#0 /home/ahc03/dr-intellectus.ru/test/framework/web/CWebApplication.php(141): CWebApplication->runController('favicon.ico')
#1 /home/ahc03/dr-intellectus.ru/test/framework/base/CApplication.php(180): CWebApplication->processRequest()
#2 /home/ahc03/dr-intellectus.ru/test/index.php(13): CApplication->run()
#3 {main}
REQUEST_URI=/favicon.ico
---
2013/11/11 12:52:56 [error] [exception.CHttpException.404] exception 'CHttpException' with message 'Невозможно обработать запрос "favicon.ico".' in /home/ahc03/dr-intellectus.ru/test/framework/web/CWebApplication.php:286
Stack trace:
#0 /home/ahc03/dr-intellectus.ru/test/framework/web/CWebApplication.php(141): CWebApplication->runController('favicon.ico')
#1 /home/ahc03/dr-intellectus.ru/test/framework/base/CApplication.php(180): CWebApplication->processRequest()
#2 /home/ahc03/dr-intellectus.ru/test/index.php(13): CApplication->run()
#3 {main}
REQUEST_URI=/favicon.ico
---
2013/11/11 13:07:00 [error] [exception.CHttpException.404] exception 'CHttpException' with message 'Невозможно обработать запрос "favicon.ico".' in /home/ahc03/dr-intellectus.ru/test/framework/web/CWebApplication.php:286
Stack trace:
#0 /home/ahc03/dr-intellectus.ru/test/framework/web/CWebApplication.php(141): CWebApplication->runController('favicon.ico')
#1 /home/ahc03/dr-intellectus.ru/test/framework/base/CApplication.php(180): CWebApplication->processRequest()
#2 /home/ahc03/dr-intellectus.ru/test/index.php(13): CApplication->run()
#3 {main}
REQUEST_URI=/favicon.ico
---
2013/11/11 13:07:01 [error] [exception.CHttpException.404] exception 'CHttpException' with message 'Невозможно обработать запрос "favicon.ico".' in /home/ahc03/dr-intellectus.ru/test/framework/web/CWebApplication.php:286
Stack trace:
#0 /home/ahc03/dr-intellectus.ru/test/framework/web/CWebApplication.php(141): CWebApplication->runController('favicon.ico')
#1 /home/ahc03/dr-intellectus.ru/test/framework/base/CApplication.php(180): CWebApplication->processRequest()
#2 /home/ahc03/dr-intellectus.ru/test/index.php(13): CApplication->run()
#3 {main}
REQUEST_URI=/favicon.ico
---
2013/11/11 13:15:57 [error] [exception.CHttpException.404] exception 'CHttpException' with message 'Невозможно обработать запрос "favicon.ico".' in /home/ahc03/dr-intellectus.ru/test/framework/web/CWebApplication.php:286
Stack trace:
#0 /home/ahc03/dr-intellectus.ru/test/framework/web/CWebApplication.php(141): CWebApplication->runController('favicon.ico')
#1 /home/ahc03/dr-intellectus.ru/test/framework/base/CApplication.php(180): CWebApplication->processRequest()
#2 /home/ahc03/dr-intellectus.ru/test/index.php(13): CApplication->run()
#3 {main}
REQUEST_URI=/favicon.ico
---
2013/11/11 13:19:44 [error] [exception.CHttpException.404] exception 'CHttpException' with message 'Невозможно обработать запрос "favicon.ico".' in /home/ahc03/dr-intellectus.ru/test/framework/web/CWebApplication.php:286
Stack trace:
#0 /home/ahc03/dr-intellectus.ru/test/framework/web/CWebApplication.php(141): CWebApplication->runController('favicon.ico')
#1 /home/ahc03/dr-intellectus.ru/test/framework/base/CApplication.php(180): CWebApplication->processRequest()
#2 /home/ahc03/dr-intellectus.ru/test/index.php(13): CApplication->run()
#3 {main}
REQUEST_URI=/favicon.ico
---
2013/11/11 13:19:46 [error] [exception.CHttpException.404] exception 'CHttpException' with message 'Невозможно обработать запрос "favicon.ico".' in /home/ahc03/dr-intellectus.ru/test/framework/web/CWebApplication.php:286
Stack trace:
#0 /home/ahc03/dr-intellectus.ru/test/framework/web/CWebApplication.php(141): CWebApplication->runController('favicon.ico')
#1 /home/ahc03/dr-intellectus.ru/test/framework/base/CApplication.php(180): CWebApplication->processRequest()
#2 /home/ahc03/dr-intellectus.ru/test/index.php(13): CApplication->run()
#3 {main}
REQUEST_URI=/favicon.ico
---
2013/11/11 13:19:48 [error] [exception.CHttpException.404] exception 'CHttpException' with message 'Невозможно обработать запрос "favicon.ico".' in /home/ahc03/dr-intellectus.ru/test/framework/web/CWebApplication.php:286
Stack trace:
#0 /home/ahc03/dr-intellectus.ru/test/framework/web/CWebApplication.php(141): CWebApplication->runController('favicon.ico')
#1 /home/ahc03/dr-intellectus.ru/test/framework/base/CApplication.php(180): CWebApplication->processRequest()
#2 /home/ahc03/dr-intellectus.ru/test/index.php(13): CApplication->run()
#3 {main}
REQUEST_URI=/favicon.ico
---
2013/11/11 13:19:59 [error] [exception.CHttpException.404] exception 'CHttpException' with message 'Невозможно обработать запрос "favicon.ico".' in /home/ahc03/dr-intellectus.ru/test/framework/web/CWebApplication.php:286
Stack trace:
#0 /home/ahc03/dr-intellectus.ru/test/framework/web/CWebApplication.php(141): CWebApplication->runController('favicon.ico')
#1 /home/ahc03/dr-intellectus.ru/test/framework/base/CApplication.php(180): CWebApplication->processRequest()
#2 /home/ahc03/dr-intellectus.ru/test/index.php(13): CApplication->run()
#3 {main}
REQUEST_URI=/favicon.ico
---
2013/11/11 13:20:02 [error] [exception.CHttpException.404] exception 'CHttpException' with message 'Невозможно обработать запрос "favicon.ico".' in /home/ahc03/dr-intellectus.ru/test/framework/web/CWebApplication.php:286
Stack trace:
#0 /home/ahc03/dr-intellectus.ru/test/framework/web/CWebApplication.php(141): CWebApplication->runController('favicon.ico')
#1 /home/ahc03/dr-intellectus.ru/test/framework/base/CApplication.php(180): CWebApplication->processRequest()
#2 /home/ahc03/dr-intellectus.ru/test/index.php(13): CApplication->run()
#3 {main}
REQUEST_URI=/favicon.ico
---
2013/11/11 13:20:03 [error] [exception.CHttpException.404] exception 'CHttpException' with message 'Невозможно обработать запрос "favicon.ico".' in /home/ahc03/dr-intellectus.ru/test/framework/web/CWebApplication.php:286
Stack trace:
#0 /home/ahc03/dr-intellectus.ru/test/framework/web/CWebApplication.php(141): CWebApplication->runController('favicon.ico')
#1 /home/ahc03/dr-intellectus.ru/test/framework/base/CApplication.php(180): CWebApplication->processRequest()
#2 /home/ahc03/dr-intellectus.ru/test/index.php(13): CApplication->run()
#3 {main}
REQUEST_URI=/favicon.ico
---
2013/11/11 13:20:05 [error] [exception.CHttpException.404] exception 'CHttpException' with message 'Невозможно обработать запрос "favicon.ico".' in /home/ahc03/dr-intellectus.ru/test/framework/web/CWebApplication.php:286
Stack trace:
#0 /home/ahc03/dr-intellectus.ru/test/framework/web/CWebApplication.php(141): CWebApplication->runController('favicon.ico')
#1 /home/ahc03/dr-intellectus.ru/test/framework/base/CApplication.php(180): CWebApplication->processRequest()
#2 /home/ahc03/dr-intellectus.ru/test/index.php(13): CApplication->run()
#3 {main}
REQUEST_URI=/favicon.ico
---
2013/11/11 13:20:06 [error] [exception.CHttpException.404] exception 'CHttpException' with message 'Невозможно обработать запрос "favicon.ico".' in /home/ahc03/dr-intellectus.ru/test/framework/web/CWebApplication.php:286
Stack trace:
#0 /home/ahc03/dr-intellectus.ru/test/framework/web/CWebApplication.php(141): CWebApplication->runController('favicon.ico')
#1 /home/ahc03/dr-intellectus.ru/test/framework/base/CApplication.php(180): CWebApplication->processRequest()
#2 /home/ahc03/dr-intellectus.ru/test/index.php(13): CApplication->run()
#3 {main}
REQUEST_URI=/favicon.ico
---
2013/11/11 13:20:10 [error] [exception.CHttpException.404] exception 'CHttpException' with message 'Невозможно обработать запрос "favicon.ico".' in /home/ahc03/dr-intellectus.ru/test/framework/web/CWebApplication.php:286
Stack trace:
#0 /home/ahc03/dr-intellectus.ru/test/framework/web/CWebApplication.php(141): CWebApplication->runController('favicon.ico')
#1 /home/ahc03/dr-intellectus.ru/test/framework/base/CApplication.php(180): CWebApplication->processRequest()
#2 /home/ahc03/dr-intellectus.ru/test/index.php(13): CApplication->run()
#3 {main}
REQUEST_URI=/favicon.ico
---
2013/11/11 13:20:21 [error] [exception.CHttpException.404] exception 'CHttpException' with message 'Невозможно обработать запрос "favicon.ico".' in /home/ahc03/dr-intellectus.ru/test/framework/web/CWebApplication.php:286
Stack trace:
#0 /home/ahc03/dr-intellectus.ru/test/framework/web/CWebApplication.php(141): CWebApplication->runController('favicon.ico')
#1 /home/ahc03/dr-intellectus.ru/test/framework/base/CApplication.php(180): CWebApplication->processRequest()
#2 /home/ahc03/dr-intellectus.ru/test/index.php(13): CApplication->run()
#3 {main}
REQUEST_URI=/favicon.ico
---
2013/11/11 13:20:23 [error] [exception.CHttpException.404] exception 'CHttpException' with message 'Невозможно обработать запрос "favicon.ico".' in /home/ahc03/dr-intellectus.ru/test/framework/web/CWebApplication.php:286
Stack trace:
#0 /home/ahc03/dr-intellectus.ru/test/framework/web/CWebApplication.php(141): CWebApplication->runController('favicon.ico')
#1 /home/ahc03/dr-intellectus.ru/test/framework/base/CApplication.php(180): CWebApplication->processRequest()
#2 /home/ahc03/dr-intellectus.ru/test/index.php(13): CApplication->run()
#3 {main}
REQUEST_URI=/favicon.ico
---
2013/11/11 13:20:24 [error] [exception.CHttpException.404] exception 'CHttpException' with message 'Невозможно обработать запрос "favicon.ico".' in /home/ahc03/dr-intellectus.ru/test/framework/web/CWebApplication.php:286
Stack trace:
#0 /home/ahc03/dr-intellectus.ru/test/framework/web/CWebApplication.php(141): CWebApplication->runController('favicon.ico')
#1 /home/ahc03/dr-intellectus.ru/test/framework/base/CApplication.php(180): CWebApplication->processRequest()
#2 /home/ahc03/dr-intellectus.ru/test/index.php(13): CApplication->run()
#3 {main}
REQUEST_URI=/favicon.ico
---
2013/11/11 13:20:26 [error] [exception.CHttpException.404] exception 'CHttpException' with message 'Невозможно обработать запрос "favicon.ico".' in /home/ahc03/dr-intellectus.ru/test/framework/web/CWebApplication.php:286
Stack trace:
#0 /home/ahc03/dr-intellectus.ru/test/framework/web/CWebApplication.php(141): CWebApplication->runController('favicon.ico')
#1 /home/ahc03/dr-intellectus.ru/test/framework/base/CApplication.php(180): CWebApplication->processRequest()
#2 /home/ahc03/dr-intellectus.ru/test/index.php(13): CApplication->run()
#3 {main}
REQUEST_URI=/favicon.ico
---
2013/11/11 13:20:29 [error] [exception.CHttpException.404] exception 'CHttpException' with message 'Невозможно обработать запрос "favicon.ico".' in /home/ahc03/dr-intellectus.ru/test/framework/web/CWebApplication.php:286
Stack trace:
#0 /home/ahc03/dr-intellectus.ru/test/framework/web/CWebApplication.php(141): CWebApplication->runController('favicon.ico')
#1 /home/ahc03/dr-intellectus.ru/test/framework/base/CApplication.php(180): CWebApplication->processRequest()
#2 /home/ahc03/dr-intellectus.ru/test/index.php(13): CApplication->run()
#3 {main}
REQUEST_URI=/favicon.ico
---
2013/11/11 13:20:48 [error] [exception.CHttpException.404] exception 'CHttpException' with message 'Невозможно обработать запрос "favicon.ico".' in /home/ahc03/dr-intellectus.ru/test/framework/web/CWebApplication.php:286
Stack trace:
#0 /home/ahc03/dr-intellectus.ru/test/framework/web/CWebApplication.php(141): CWebApplication->runController('favicon.ico')
#1 /home/ahc03/dr-intellectus.ru/test/framework/base/CApplication.php(180): CWebApplication->processRequest()
#2 /home/ahc03/dr-intellectus.ru/test/index.php(13): CApplication->run()
#3 {main}
REQUEST_URI=/favicon.ico
---
2013/11/11 13:21:31 [error] [exception.CHttpException.404] exception 'CHttpException' with message 'Невозможно обработать запрос "favicon.ico".' in /home/ahc03/dr-intellectus.ru/test/framework/web/CWebApplication.php:286
Stack trace:
#0 /home/ahc03/dr-intellectus.ru/test/framework/web/CWebApplication.php(141): CWebApplication->runController('favicon.ico')
#1 /home/ahc03/dr-intellectus.ru/test/framework/base/CApplication.php(180): CWebApplication->processRequest()
#2 /home/ahc03/dr-intellectus.ru/test/index.php(13): CApplication->run()
#3 {main}
REQUEST_URI=/favicon.ico
---
2013/11/11 13:33:08 [error] [exception.CHttpException.404] exception 'CHttpException' with message 'Невозможно обработать запрос "favicon.ico".' in /home/ahc03/dr-intellectus.ru/test/framework/web/CWebApplication.php:286
Stack trace:
#0 /home/ahc03/dr-intellectus.ru/test/framework/web/CWebApplication.php(141): CWebApplication->runController('favicon.ico')
#1 /home/ahc03/dr-intellectus.ru/test/framework/base/CApplication.php(180): CWebApplication->processRequest()
#2 /home/ahc03/dr-intellectus.ru/test/index.php(13): CApplication->run()
#3 {main}
REQUEST_URI=/favicon.ico
---
2013/11/11 13:38:20 [error] [exception.CHttpException.404] exception 'CHttpException' with message 'Невозможно обработать запрос "favicon.ico".' in /home/ahc03/dr-intellectus.ru/test/framework/web/CWebApplication.php:286
Stack trace:
#0 /home/ahc03/dr-intellectus.ru/test/framework/web/CWebApplication.php(141): CWebApplication->runController('favicon.ico')
#1 /home/ahc03/dr-intellectus.ru/test/framework/base/CApplication.php(180): CWebApplication->processRequest()
#2 /home/ahc03/dr-intellectus.ru/test/index.php(13): CApplication->run()
#3 {main}
REQUEST_URI=/favicon.ico
---
2013/11/11 13:38:22 [error] [exception.CHttpException.404] exception 'CHttpException' with message 'Невозможно обработать запрос "favicon.ico".' in /home/ahc03/dr-intellectus.ru/test/framework/web/CWebApplication.php:286
Stack trace:
#0 /home/ahc03/dr-intellectus.ru/test/framework/web/CWebApplication.php(141): CWebApplication->runController('favicon.ico')
#1 /home/ahc03/dr-intellectus.ru/test/framework/base/CApplication.php(180): CWebApplication->processRequest()
#2 /home/ahc03/dr-intellectus.ru/test/index.php(13): CApplication->run()
#3 {main}
REQUEST_URI=/favicon.ico
---
2013/11/11 13:38:25 [error] [exception.CHttpException.404] exception 'CHttpException' with message 'Невозможно обработать запрос "favicon.ico".' in /home/ahc03/dr-intellectus.ru/test/framework/web/CWebApplication.php:286
Stack trace:
#0 /home/ahc03/dr-intellectus.ru/test/framework/web/CWebApplication.php(141): CWebApplication->runController('favicon.ico')
#1 /home/ahc03/dr-intellectus.ru/test/framework/base/CApplication.php(180): CWebApplication->processRequest()
#2 /home/ahc03/dr-intellectus.ru/test/index.php(13): CApplication->run()
#3 {main}
REQUEST_URI=/favicon.ico
---
2013/11/11 13:38:27 [error] [exception.CHttpException.404] exception 'CHttpException' with message 'Невозможно обработать запрос "favicon.ico".' in /home/ahc03/dr-intellectus.ru/test/framework/web/CWebApplication.php:286
Stack trace:
#0 /home/ahc03/dr-intellectus.ru/test/framework/web/CWebApplication.php(141): CWebApplication->runController('favicon.ico')
#1 /home/ahc03/dr-intellectus.ru/test/framework/base/CApplication.php(180): CWebApplication->processRequest()
#2 /home/ahc03/dr-intellectus.ru/test/index.php(13): CApplication->run()
#3 {main}
REQUEST_URI=/favicon.ico
---
2013/11/11 13:38:30 [error] [exception.CHttpException.404] exception 'CHttpException' with message 'Невозможно обработать запрос "favicon.ico".' in /home/ahc03/dr-intellectus.ru/test/framework/web/CWebApplication.php:286
Stack trace:
#0 /home/ahc03/dr-intellectus.ru/test/framework/web/CWebApplication.php(141): CWebApplication->runController('favicon.ico')
#1 /home/ahc03/dr-intellectus.ru/test/framework/base/CApplication.php(180): CWebApplication->processRequest()
#2 /home/ahc03/dr-intellectus.ru/test/index.php(13): CApplication->run()
#3 {main}
REQUEST_URI=/favicon.ico
---
2013/11/11 13:40:25 [error] [exception.CHttpException.404] exception 'CHttpException' with message 'Невозможно обработать запрос "favicon.ico".' in /home/ahc03/dr-intellectus.ru/test/framework/web/CWebApplication.php:286
Stack trace:
#0 /home/ahc03/dr-intellectus.ru/test/framework/web/CWebApplication.php(141): CWebApplication->runController('favicon.ico')
#1 /home/ahc03/dr-intellectus.ru/test/framework/base/CApplication.php(180): CWebApplication->processRequest()
#2 /home/ahc03/dr-intellectus.ru/test/index.php(13): CApplication->run()
#3 {main}
REQUEST_URI=/favicon.ico
---
2013/11/11 13:41:33 [error] [exception.CHttpException.404] exception 'CHttpException' with message 'Невозможно обработать запрос "favicon.ico".' in /home/ahc03/dr-intellectus.ru/test/framework/web/CWebApplication.php:286
Stack trace:
#0 /home/ahc03/dr-intellectus.ru/test/framework/web/CWebApplication.php(141): CWebApplication->runController('favicon.ico')
#1 /home/ahc03/dr-intellectus.ru/test/framework/base/CApplication.php(180): CWebApplication->processRequest()
#2 /home/ahc03/dr-intellectus.ru/test/index.php(13): CApplication->run()
#3 {main}
REQUEST_URI=/favicon.ico
---
2013/11/11 14:59:44 [error] [exception.CHttpException.404] exception 'CHttpException' with message 'Невозможно обработать запрос "favicon.ico".' in /home/ahc03/dr-intellectus.ru/test/framework/web/CWebApplication.php:286
Stack trace:
#0 /home/ahc03/dr-intellectus.ru/test/framework/web/CWebApplication.php(141): CWebApplication->runController('favicon.ico')
#1 /home/ahc03/dr-intellectus.ru/test/framework/base/CApplication.php(180): CWebApplication->processRequest()
#2 /home/ahc03/dr-intellectus.ru/test/index.php(13): CApplication->run()
#3 {main}
REQUEST_URI=/favicon.ico
---
2013/11/11 16:22:42 [error] [exception.CHttpException.404] exception 'CHttpException' with message 'Невозможно обработать запрос "favicon.ico".' in /home/ahc03/dr-intellectus.ru/test/framework/web/CWebApplication.php:286
Stack trace:
#0 /home/ahc03/dr-intellectus.ru/test/framework/web/CWebApplication.php(141): CWebApplication->runController('favicon.ico')
#1 /home/ahc03/dr-intellectus.ru/test/framework/base/CApplication.php(180): CWebApplication->processRequest()
#2 /home/ahc03/dr-intellectus.ru/test/index.php(13): CApplication->run()
#3 {main}
REQUEST_URI=/favicon.ico
---
2013/11/11 16:30:33 [error] [exception.CHttpException.404] exception 'CHttpException' with message 'Невозможно обработать запрос "favicon.ico".' in /home/ahc03/dr-intellectus.ru/test/framework/web/CWebApplication.php:286
Stack trace:
#0 /home/ahc03/dr-intellectus.ru/test/framework/web/CWebApplication.php(141): CWebApplication->runController('favicon.ico')
#1 /home/ahc03/dr-intellectus.ru/test/framework/base/CApplication.php(180): CWebApplication->processRequest()
#2 /home/ahc03/dr-intellectus.ru/test/index.php(13): CApplication->run()
#3 {main}
REQUEST_URI=/favicon.ico
---
2013/11/11 17:04:21 [error] [exception.CHttpException.404] exception 'CHttpException' with message 'Невозможно обработать запрос "example.csv".' in /home/ahc03/dr-intellectus.ru/test/framework/web/CWebApplication.php:286
Stack trace:
#0 /home/ahc03/dr-intellectus.ru/test/framework/web/CWebApplication.php(141): CWebApplication->runController('example.csv')
#1 /home/ahc03/dr-intellectus.ru/test/framework/base/CApplication.php(180): CWebApplication->processRequest()
#2 /home/ahc03/dr-intellectus.ru/test/index.php(13): CApplication->run()
#3 {main}
REQUEST_URI=/example.csv
HTTP_REFERER=http://test.dr-intellectus.ru/keyword/keywordImport
---
2013/11/11 17:04:59 [error] [exception.CHttpException.404] exception 'CHttpException' with message 'Невозможно обработать запрос "example.csv".' in /home/ahc03/dr-intellectus.ru/test/framework/web/CWebApplication.php:286
Stack trace:
#0 /home/ahc03/dr-intellectus.ru/test/framework/web/CWebApplication.php(141): CWebApplication->runController('example.csv')
#1 /home/ahc03/dr-intellectus.ru/test/framework/base/CApplication.php(180): CWebApplication->processRequest()
#2 /home/ahc03/dr-intellectus.ru/test/index.php(13): CApplication->run()
#3 {main}
REQUEST_URI=/example.csv
HTTP_REFERER=http://test.dr-intellectus.ru/keyword/keywordImport
---
2013/11/11 17:05:05 [error] [exception.CHttpException.404] exception 'CHttpException' with message 'Невозможно обработать запрос "example.csv".' in /home/ahc03/dr-intellectus.ru/test/framework/web/CWebApplication.php:286
Stack trace:
#0 /home/ahc03/dr-intellectus.ru/test/framework/web/CWebApplication.php(141): CWebApplication->runController('example.csv')
#1 /home/ahc03/dr-intellectus.ru/test/framework/base/CApplication.php(180): CWebApplication->processRequest()
#2 /home/ahc03/dr-intellectus.ru/test/index.php(13): CApplication->run()
#3 {main}
REQUEST_URI=/example.csv
HTTP_REFERER=http://test.dr-intellectus.ru/keyword/keywordImport
---
2013/11/11 17:05:58 [error] [exception.CHttpException.404] exception 'CHttpException' with message 'Невозможно обработать запрос "example.csv".' in /home/ahc03/dr-intellectus.ru/test/framework/web/CWebApplication.php:286
Stack trace:
#0 /home/ahc03/dr-intellectus.ru/test/framework/web/CWebApplication.php(141): CWebApplication->runController('example.csv')
#1 /home/ahc03/dr-intellectus.ru/test/framework/base/CApplication.php(180): CWebApplication->processRequest()
#2 /home/ahc03/dr-intellectus.ru/test/index.php(13): CApplication->run()
#3 {main}
REQUEST_URI=/example.csv
HTTP_REFERER=http://test.dr-intellectus.ru/keyword/keywordImport
---
2013/11/11 17:07:16 [error] [exception.CHttpException.404] exception 'CHttpException' with message 'Невозможно обработать запрос "favicon.ico".' in /home/ahc03/dr-intellectus.ru/test/framework/web/CWebApplication.php:286
Stack trace:
#0 /home/ahc03/dr-intellectus.ru/test/framework/web/CWebApplication.php(141): CWebApplication->runController('favicon.ico')
#1 /home/ahc03/dr-intellectus.ru/test/framework/base/CApplication.php(180): CWebApplication->processRequest()
#2 /home/ahc03/dr-intellectus.ru/test/index.php(13): CApplication->run()
#3 {main}
REQUEST_URI=/favicon.ico
---
2013/11/11 17:07:17 [error] [exception.CHttpException.404] exception 'CHttpException' with message 'Невозможно обработать запрос "favicon.ico".' in /home/ahc03/dr-intellectus.ru/test/framework/web/CWebApplication.php:286
Stack trace:
#0 /home/ahc03/dr-intellectus.ru/test/framework/web/CWebApplication.php(141): CWebApplication->runController('favicon.ico')
#1 /home/ahc03/dr-intellectus.ru/test/framework/base/CApplication.php(180): CWebApplication->processRequest()
#2 /home/ahc03/dr-intellectus.ru/test/index.php(13): CApplication->run()
#3 {main}
REQUEST_URI=/favicon.ico
---
2013/11/11 17:07:17 [error] [exception.CHttpException.404] exception 'CHttpException' with message 'Невозможно обработать запрос "favicon.ico".' in /home/ahc03/dr-intellectus.ru/test/framework/web/CWebApplication.php:286
Stack trace:
#0 /home/ahc03/dr-intellectus.ru/test/framework/web/CWebApplication.php(141): CWebApplication->runController('favicon.ico')
#1 /home/ahc03/dr-intellectus.ru/test/framework/base/CApplication.php(180): CWebApplication->processRequest()
#2 /home/ahc03/dr-intellectus.ru/test/index.php(13): CApplication->run()
#3 {main}
REQUEST_URI=/favicon.ico
---
2013/11/11 17:07:18 [error] [exception.CHttpException.404] exception 'CHttpException' with message 'Невозможно обработать запрос "robots.txt".' in /home/ahc03/dr-intellectus.ru/test/framework/web/CWebApplication.php:286
Stack trace:
#0 /home/ahc03/dr-intellectus.ru/test/framework/web/CWebApplication.php(141): CWebApplication->runController('robots.txt')
#1 /home/ahc03/dr-intellectus.ru/test/framework/base/CApplication.php(180): CWebApplication->processRequest()
#2 /home/ahc03/dr-intellectus.ru/test/index.php(13): CApplication->run()
#3 {main}
REQUEST_URI=/robots.txt
---
2013/11/11 17:09:09 [error] [exception.CHttpException.404] exception 'CHttpException' with message 'Невозможно обработать запрос "importcsv".' in /home/ahc03/dr-intellectus.ru/test/framework/web/CWebApplication.php:286
Stack trace:
#0 /home/ahc03/dr-intellectus.ru/test/framework/web/CWebApplication.php(141): CWebApplication->runController('importcsv')
#1 /home/ahc03/dr-intellectus.ru/test/framework/base/CApplication.php(180): CWebApplication->processRequest()
#2 /home/ahc03/dr-intellectus.ru/test/index.php(13): CApplication->run()
#3 {main}
REQUEST_URI=/index.php/importcsv
HTTP_REFERER=http://test.dr-intellectus.ru/keyword/keywordImport
---
2013/11/11 17:09:21 [error] [exception.CHttpException.404] exception 'CHttpException' with message 'Невозможно обработать запрос "importcsv".' in /home/ahc03/dr-intellectus.ru/test/framework/web/CWebApplication.php:286
Stack trace:
#0 /home/ahc03/dr-intellectus.ru/test/framework/web/CWebApplication.php(141): CWebApplication->runController('importcsv')
#1 /home/ahc03/dr-intellectus.ru/test/framework/base/CApplication.php(180): CWebApplication->processRequest()
#2 /home/ahc03/dr-intellectus.ru/test/index.php(13): CApplication->run()
#3 {main}
REQUEST_URI=/importcsv
HTTP_REFERER=http://test.dr-intellectus.ru/keyword/keywordImport
---
2013/11/11 17:09:26 [error] [exception.CHttpException.404] exception 'CHttpException' with message 'Невозможно обработать запрос "example.csv".' in /home/ahc03/dr-intellectus.ru/test/framework/web/CWebApplication.php:286
Stack trace:
#0 /home/ahc03/dr-intellectus.ru/test/framework/web/CWebApplication.php(141): CWebApplication->runController('example.csv')
#1 /home/ahc03/dr-intellectus.ru/test/framework/base/CApplication.php(180): CWebApplication->processRequest()
#2 /home/ahc03/dr-intellectus.ru/test/index.php(13): CApplication->run()
#3 {main}
REQUEST_URI=/example.csv
HTTP_REFERER=http://test.dr-intellectus.ru/keyword/keywordImport
---
2013/11/11 17:23:24 [error] [exception.CHttpException.404] exception 'CHttpException' with message 'Невозможно обработать запрос "favicon.ico".' in /home/ahc03/dr-intellectus.ru/test/framework/web/CWebApplication.php:286
Stack trace:
#0 /home/ahc03/dr-intellectus.ru/test/framework/web/CWebApplication.php(141): CWebApplication->runController('favicon.ico')
#1 /home/ahc03/dr-intellectus.ru/test/framework/base/CApplication.php(180): CWebApplication->processRequest()
#2 /home/ahc03/dr-intellectus.ru/test/index.php(13): CApplication->run()
#3 {main}
REQUEST_URI=/favicon.ico
---
2013/11/11 21:55:47 [error] [exception.CHttpException.404] exception 'CHttpException' with message 'Невозможно обработать запрос "robots.txt".' in /home/ahc03/dr-intellectus.ru/test/framework/web/CWebApplication.php:286
Stack trace:
#0 /home/ahc03/dr-intellectus.ru/test/framework/web/CWebApplication.php(141): CWebApplication->runController('robots.txt')
#1 /home/ahc03/dr-intellectus.ru/test/framework/base/CApplication.php(180): CWebApplication->processRequest()
#2 /home/ahc03/dr-intellectus.ru/test/index.php(13): CApplication->run()
#3 {main}
REQUEST_URI=/robots.txt
---
